NEURON -- VERSION 7.5 master (6b4c19f) 2017-09-25
Duke, Yale, and the BlueBrain Project -- Copyright 1984-2016
See http://neuron.yale.edu/neuron/credits

NEURON -- VERSION 7.5 master (6b4c19f) 2017-09-25
Duke, Yale, and the BlueBrain Project -- Copyright 1984-2016
See http://neuron.yale.edu/neuron/credits

NEURON -- VERSION 7.5 master (6b4c19f) 2017-09-25
Duke, Yale, and the BlueBrain Project -- Copyright 1984-2016
See http://neuron.yale.edu/neuron/credits

NEURON -- VERSION 7.5 master (6b4c19f) 2017-09-25
Duke, Yale, and the BlueBrain Project -- Copyright 1984-2016
See http://neuron.yale.edu/neuron/credits

NEURON -- VERSION 7.5 master (6b4c19f) 2017-09-25
Duke, Yale, and the BlueBrain Project -- Copyright 1984-2016
See http://neuron.yale.edu/neuron/credits

['/home/nest/Documents/TESTS/HH/PYGMO/SINGLE/CMAES/hh_pas_surrogate_1', ['/home/nest/Documents/TESTS/HH/PYGMO/SINGLE/CMAES/hh_pas_surrogate_1/input_data2.dat', 1, 'mV', 1000, 40000, 'True', 'voltage'], ['/home/nest/Documents/TESTS/HH/PYGMO/ISLAND/0.3na/CMAES/hh_pas_surrogate/hh_pas.hoc', '/home/nest/Documents/TESTS/HH/PYGMO/ISLAND/0.3na/CMAES/hh_pas_surrogate'], ['IClamp', 0.5, 'soma'], [[0.3], 200.0, 500.0], ['soma 0 hh gnabar_hh', 'soma 0 hh gkbar_hh', 'soma 0 hh gl_hh'], [0, 0, 0], [[{'Spike Detection Thres. (mv)': 0.0, 'Spike Window (ms)': 40.0}, ['MSE (excl. spikes)', 'Spike count (stim.)', 'AP amplitude', 'AP width']], [0.25, 0.25, 0.25, 0.25]], {'seed': 1235.0, 'evo_strat': 'PYGMO CMAES', 'Size of Population:': 100.0, 'Number of Islands:': 1.0, 'Number of Generations:': 100.0, 'Force bounds:': None, 'Mutation Rate:': 0.25, 'Crossover Rate:': 'None', 'Cooling Rate:': 'None', 'Mean of Gaussian:': 'None', 'Std. Deviation of Gaussian:': 'None', 'Initial Temperature:': 'None', 'Step Size:': 'None', 'Temperature:': 'None', 'Update Frequency:': 'None', 'Number of Iterations:': 'None', 'Number of Repetition:': 'None', 'Error Tolerance for x:': 'None', 'Error Tolerance for f:': 'None', 'num_params': 3, 'boundaries': [[0.01, 0.01, 1e-05], [1.0, 1.0, 0.001]], 'starting_points': 'None', 'Inertia:': 'None', 'Cognitive Rate:': 'None', 'Social Rate:': 'None', 'Neighborhood Size:': 'None', 'Number of CPU:': 2}]


NEURON mechanisms not found in /home/nest/Documents/TESTS/HH/PYGMO/ISLAND/0.3na/CMAES/hh_pas_surrogate.
Force bounds
None
NEURON mechanisms not found in /home/nest/Documents/TESTS/HH/PYGMO/ISLAND/0.3na/CMAES/hh_pas_surrogate.
NEURON mechanisms not found in /home/nest/Documents/TESTS/HH/PYGMO/ISLAND/0.3na/CMAES/hh_pas_surrogate.
PYGMO FITNES
NEURON mechanisms not found in /home/nest/Documents/TESTS/HH/PYGMO/ISLAND/0.3na/CMAES/hh_pas_surrogate.
NEURON mechanisms not found in /home/nest/Documents/TESTS/HH/PYGMO/ISLAND/0.3na/CMAES/hh_pas_surrogate.
PYGMO FITNES
NEURON mechanisms not found in /home/nest/Documents/TESTS/HH/PYGMO/ISLAND/0.3na/CMAES/hh_pas_surrogate.
NEURON mechanisms not found in /home/nest/Documents/TESTS/HH/PYGMO/ISLAND/0.3na/CMAES/hh_pas_surrogate.
PYGMO FITNES
NEURON mechanisms not found in /home/nest/Documents/TESTS/HH/PYGMO/ISLAND/0.3na/CMAES/hh_pas_surrogate.
NEURON mechanisms not found in /home/nest/Documents/TESTS/HH/PYGMO/ISLAND/0.3na/CMAES/hh_pas_surrogate.
PYGMO FITNES
NEURON mechanisms not found in /home/nest/Documents/TESTS/HH/PYGMO/ISLAND/0.3na/CMAES/hh_pas_surrogate.
NEURON mechanisms not found in /home/nest/Documents/TESTS/HH/PYGMO/ISLAND/0.3na/CMAES/hh_pas_surrogate.
PYGMO FITNES
NEURON mechanisms not found in /home/nest/Documents/TESTS/HH/PYGMO/ISLAND/0.3na/CMAES/hh_pas_surrogate.
NEURON mechanisms not found in /home/nest/Documents/TESTS/HH/PYGMO/ISLAND/0.3na/CMAES/hh_pas_surrogate.
PYGMO FITNES
NEURON mechanisms not found in /home/nest/Documents/TESTS/HH/PYGMO/ISLAND/0.3na/CMAES/hh_pas_surrogate.
NEURON mechanisms not found in /home/nest/Documents/TESTS/HH/PYGMO/ISLAND/0.3na/CMAES/hh_pas_surrogate.
PYGMO FITNES
NEURON mechanisms not found in /home/nest/Documents/TESTS/HH/PYGMO/ISLAND/0.3na/CMAES/hh_pas_surrogate.
NEURON mechanisms not found in /home/nest/Documents/TESTS/HH/PYGMO/ISLAND/0.3na/CMAES/hh_pas_surrogate.
PYGMO FITNES
NEURON mechanisms not found in /home/nest/Documents/TESTS/HH/PYGMO/ISLAND/0.3na/CMAES/hh_pas_surrogate.
NEURON mechanisms not found in /home/nest/Documents/TESTS/HH/PYGMO/ISLAND/0.3na/CMAES/hh_pas_surrogate.
PYGMO FITNES
NEURON mechanisms not found in /home/nest/Documents/TESTS/HH/PYGMO/ISLAND/0.3na/CMAES/hh_pas_surrogate.
NEURON mechanisms not found in /home/nest/Documents/TESTS/HH/PYGMO/ISLAND/0.3na/CMAES/hh_pas_surrogate.
PYGMO FITNES
NEURON mechanisms not found in /home/nest/Documents/TESTS/HH/PYGMO/ISLAND/0.3na/CMAES/hh_pas_surrogate.
NEURON mechanisms not found in /home/nest/Documents/TESTS/HH/PYGMO/ISLAND/0.3na/CMAES/hh_pas_surrogate.
PYGMO FITNES
NEURON mechanisms not found in /home/nest/Documents/TESTS/HH/PYGMO/ISLAND/0.3na/CMAES/hh_pas_surrogate.
NEURON mechanisms not found in /home/nest/Documents/TESTS/HH/PYGMO/ISLAND/0.3na/CMAES/hh_pas_surrogate.
PYGMO FITNES
NEURON mechanisms not found in /home/nest/Documents/TESTS/HH/PYGMO/ISLAND/0.3na/CMAES/hh_pas_surrogate.
NEURON mechanisms not found in /home/nest/Documents/TESTS/HH/PYGMO/ISLAND/0.3na/CMAES/hh_pas_surrogate.
PYGMO FITNES
NEURON mechanisms not found in /home/nest/Documents/TESTS/HH/PYGMO/ISLAND/0.3na/CMAES/hh_pas_surrogate.
NEURON mechanisms not found in /home/nest/Documents/TESTS/HH/PYGMO/ISLAND/0.3na/CMAES/hh_pas_surrogate.
PYGMO FITNES
NEURON mechanisms not found in /home/nest/Documents/TESTS/HH/PYGMO/ISLAND/0.3na/CMAES/hh_pas_surrogate.
NEURON mechanisms not found in /home/nest/Documents/TESTS/HH/PYGMO/ISLAND/0.3na/CMAES/hh_pas_surrogate.
PYGMO FITNES
NEURON mechanisms not found in /home/nest/Documents/TESTS/HH/PYGMO/ISLAND/0.3na/CMAES/hh_pas_surrogate.
NEURON mechanisms not found in /home/nest/Documents/TESTS/HH/PYGMO/ISLAND/0.3na/CMAES/hh_pas_surrogate.
PYGMO FITNES
NEURON mechanisms not found in /home/nest/Documents/TESTS/HH/PYGMO/ISLAND/0.3na/CMAES/hh_pas_surrogate.
NEURON mechanisms not found in /home/nest/Documents/TESTS/HH/PYGMO/ISLAND/0.3na/CMAES/hh_pas_surrogate.
PYGMO FITNES
NEURON mechanisms not found in /home/nest/Documents/TESTS/HH/PYGMO/ISLAND/0.3na/CMAES/hh_pas_surrogate.
NEURON mechanisms not found in /home/nest/Documents/TESTS/HH/PYGMO/ISLAND/0.3na/CMAES/hh_pas_surrogate.
PYGMO FITNES
NEURON mechanisms not found in /home/nest/Documents/TESTS/HH/PYGMO/ISLAND/0.3na/CMAES/hh_pas_surrogate.
NEURON mechanisms not found in /home/nest/Documents/TESTS/HH/PYGMO/ISLAND/0.3na/CMAES/hh_pas_surrogate.
PYGMO FITNES
NEURON mechanisms not found in /home/nest/Documents/TESTS/HH/PYGMO/ISLAND/0.3na/CMAES/hh_pas_surrogate.
NEURON mechanisms not found in /home/nest/Documents/TESTS/HH/PYGMO/ISLAND/0.3na/CMAES/hh_pas_surrogate.
PYGMO FITNES
NEURON mechanisms not found in /home/nest/Documents/TESTS/HH/PYGMO/ISLAND/0.3na/CMAES/hh_pas_surrogate.
NEURON mechanisms not found in /home/nest/Documents/TESTS/HH/PYGMO/ISLAND/0.3na/CMAES/hh_pas_surrogate.
PYGMO FITNES
NEURON mechanisms not found in /home/nest/Documents/TESTS/HH/PYGMO/ISLAND/0.3na/CMAES/hh_pas_surrogate.
NEURON mechanisms not found in /home/nest/Documents/TESTS/HH/PYGMO/ISLAND/0.3na/CMAES/hh_pas_surrogate.
PYGMO FITNES
NEURON mechanisms not found in /home/nest/Documents/TESTS/HH/PYGMO/ISLAND/0.3na/CMAES/hh_pas_surrogate.
NEURON mechanisms not found in /home/nest/Documents/TESTS/HH/PYGMO/ISLAND/0.3na/CMAES/hh_pas_surrogate.
PYGMO FITNES
NEURON mechanisms not found in /home/nest/Documents/TESTS/HH/PYGMO/ISLAND/0.3na/CMAES/hh_pas_surrogate.
NEURON mechanisms not found in /home/nest/Documents/TESTS/HH/PYGMO/ISLAND/0.3na/CMAES/hh_pas_surrogate.
PYGMO FITNES
NEURON mechanisms not found in /home/nest/Documents/TESTS/HH/PYGMO/ISLAND/0.3na/CMAES/hh_pas_surrogate.
NEURON mechanisms not found in /home/nest/Documents/TESTS/HH/PYGMO/ISLAND/0.3na/CMAES/hh_pas_surrogate.
PYGMO FITNES
NEURON mechanisms not found in /home/nest/Documents/TESTS/HH/PYGMO/ISLAND/0.3na/CMAES/hh_pas_surrogate.
NEURON mechanisms not found in /home/nest/Documents/TESTS/HH/PYGMO/ISLAND/0.3na/CMAES/hh_pas_surrogate.
PYGMO FITNES
NEURON mechanisms not found in /home/nest/Documents/TESTS/HH/PYGMO/ISLAND/0.3na/CMAES/hh_pas_surrogate.
NEURON mechanisms not found in /home/nest/Documents/TESTS/HH/PYGMO/ISLAND/0.3na/CMAES/hh_pas_surrogate.
PYGMO FITNES
NEURON mechanisms not found in /home/nest/Documents/TESTS/HH/PYGMO/ISLAND/0.3na/CMAES/hh_pas_surrogate.
NEURON mechanisms not found in /home/nest/Documents/TESTS/HH/PYGMO/ISLAND/0.3na/CMAES/hh_pas_surrogate.
PYGMO FITNES
NEURON mechanisms not found in /home/nest/Documents/TESTS/HH/PYGMO/ISLAND/0.3na/CMAES/hh_pas_surrogate.
NEURON mechanisms not found in /home/nest/Documents/TESTS/HH/PYGMO/ISLAND/0.3na/CMAES/hh_pas_surrogate.
PYGMO FITNES
NEURON mechanisms not found in /home/nest/Documents/TESTS/HH/PYGMO/ISLAND/0.3na/CMAES/hh_pas_surrogate.
NEURON mechanisms not found in /home/nest/Documents/TESTS/HH/PYGMO/ISLAND/0.3na/CMAES/hh_pas_surrogate.
PYGMO FITNES
NEURON mechanisms not found in /home/nest/Documents/TESTS/HH/PYGMO/ISLAND/0.3na/CMAES/hh_pas_surrogate.['/home/nest/Documents/TESTS/HH/PYGMO/SINGLE/CMAES/hh_pas_surrogate_2', ['/home/nest/Documents/TESTS/HH/PYGMO/SINGLE/CMAES/hh_pas_surrogate_2/input_data2.dat', 1, 'mV', 1000, 40000, 'True', 'voltage'], ['/home/nest/Documents/TESTS/HH/PYGMO/ISLAND/0.3na/CMAES/hh_pas_surrogate/hh_pas.hoc', '/home/nest/Documents/TESTS/HH/PYGMO/ISLAND/0.3na/CMAES/hh_pas_surrogate'], ['IClamp', 0.5, 'soma'], [[0.3], 200.0, 500.0], ['soma 0 hh gnabar_hh', 'soma 0 hh gkbar_hh', 'soma 0 hh gl_hh'], [0, 0, 0], [[{'Spike Detection Thres. (mv)': 0.0, 'Spike Window (ms)': 40.0}, ['MSE (excl. spikes)', 'Spike count (stim.)', 'AP amplitude', 'AP width']], [0.25, 0.25, 0.25, 0.25]], {'seed': 1236.0, 'evo_strat': 'PYGMO CMAES', 'Size of Population:': 100.0, 'Number of Islands:': 1.0, 'Number of Generations:': 100.0, 'Force bounds:': None, 'Mutation Rate:': 0.25, 'Crossover Rate:': 'None', 'Cooling Rate:': 'None', 'Mean of Gaussian:': 'None', 'Std. Deviation of Gaussian:': 'None', 'Initial Temperature:': 'None', 'Step Size:': 'None', 'Temperature:': 'None', 'Update Frequency:': 'None', 'Number of Iterations:': 'None', 'Number of Repetition:': 'None', 'Error Tolerance for x:': 'None', 'Error Tolerance for f:': 'None', 'num_params': 3, 'boundaries': [[0.01, 0.01, 1e-05], [1.0, 1.0, 0.001]], 'starting_points': 'None', 'Inertia:': 'None', 'Cognitive Rate:': 'None', 'Social Rate:': 'None', 'Neighborhood Size:': 'None', 'Number of CPU:': 2}]


NEURON mechanisms not found in /home/nest/Documents/TESTS/HH/PYGMO/ISLAND/0.3na/CMAES/hh_pas_surrogate.
Force bounds
None
NEURON mechanisms not found in /home/nest/Documents/TESTS/HH/PYGMO/ISLAND/0.3na/CMAES/hh_pas_surrogate.
NEURON mechanisms not found in /home/nest/Documents/TESTS/HH/PYGMO/ISLAND/0.3na/CMAES/hh_pas_surrogate.
PYGMO FITNES
NEURON mechanisms not found in /home/nest/Documents/TESTS/HH/PYGMO/ISLAND/0.3na/CMAES/hh_pas_surrogate.
NEURON mechanisms not found in /home/nest/Documents/TESTS/HH/PYGMO/ISLAND/0.3na/CMAES/hh_pas_surrogate.
PYGMO FITNES
NEURON mechanisms not found in /home/nest/Documents/TESTS/HH/PYGMO/ISLAND/0.3na/CMAES/hh_pas_surrogate.
NEURON mechanisms not found in /home/nest/Documents/TESTS/HH/PYGMO/ISLAND/0.3na/CMAES/hh_pas_surrogate.
PYGMO FITNES
NEURON mechanisms not found in /home/nest/Documents/TESTS/HH/PYGMO/ISLAND/0.3na/CMAES/hh_pas_surrogate.
NEURON mechanisms not found in /home/nest/Documents/TESTS/HH/PYGMO/ISLAND/0.3na/CMAES/hh_pas_surrogate.
PYGMO FITNES
NEURON mechanisms not found in /home/nest/Documents/TESTS/HH/PYGMO/ISLAND/0.3na/CMAES/hh_pas_surrogate.
NEURON mechanisms not found in /home/nest/Documents/TESTS/HH/PYGMO/ISLAND/0.3na/CMAES/hh_pas_surrogate.
PYGMO FITNES
NEURON mechanisms not found in /home/nest/Documents/TESTS/HH/PYGMO/ISLAND/0.3na/CMAES/hh_pas_surrogate.
NEURON mechanisms not found in /home/nest/Documents/TESTS/HH/PYGMO/ISLAND/0.3na/CMAES/hh_pas_surrogate.
PYGMO FITNES
NEURON mechanisms not found in /home/nest/Documents/TESTS/HH/PYGMO/ISLAND/0.3na/CMAES/hh_pas_surrogate.
NEURON mechanisms not found in /home/nest/Documents/TESTS/HH/PYGMO/ISLAND/0.3na/CMAES/hh_pas_surrogate.
PYGMO FITNES
NEURON mechanisms not found in /home/nest/Documents/TESTS/HH/PYGMO/ISLAND/0.3na/CMAES/hh_pas_surrogate.
NEURON mechanisms not found in /home/nest/Documents/TESTS/HH/PYGMO/ISLAND/0.3na/CMAES/hh_pas_surrogate.
PYGMO FITNES
NEURON mechanisms not found in /home/nest/Documents/TESTS/HH/PYGMO/ISLAND/0.3na/CMAES/hh_pas_surrogate.
NEURON mechanisms not found in /home/nest/Documents/TESTS/HH/PYGMO/ISLAND/0.3na/CMAES/hh_pas_surrogate.
PYGMO FITNES
NEURON mechanisms not found in /home/nest/Documents/TESTS/HH/PYGMO/ISLAND/0.3na/CMAES/hh_pas_surrogate.
NEURON mechanisms not found in /home/nest/Documents/TESTS/HH/PYGMO/ISLAND/0.3na/CMAES/hh_pas_surrogate.
PYGMO FITNES
NEURON mechanisms not found in /home/nest/Documents/TESTS/HH/PYGMO/ISLAND/0.3na/CMAES/hh_pas_surrogate.
NEURON mechanisms not found in /home/nest/Documents/TESTS/HH/PYGMO/ISLAND/0.3na/CMAES/hh_pas_surrogate.
PYGMO FITNES
NEURON mechanisms not found in /home/nest/Documents/TESTS/HH/PYGMO/ISLAND/0.3na/CMAES/hh_pas_surrogate.
NEURON mechanisms not found in /home/nest/Documents/TESTS/HH/PYGMO/ISLAND/0.3na/CMAES/hh_pas_surrogate.
PYGMO FITNES
NEURON mechanisms not found in /home/nest/Documents/TESTS/HH/PYGMO/ISLAND/0.3na/CMAES/hh_pas_surrogate.
NEURON mechanisms not found in /home/nest/Documents/TESTS/HH/PYGMO/ISLAND/0.3na/CMAES/hh_pas_surrogate.
PYGMO FITNES
NEURON mechanisms not found in /home/nest/Documents/TESTS/HH/PYGMO/ISLAND/0.3na/CMAES/hh_pas_surrogate.
NEURON mechanisms not found in /home/nest/Documents/TESTS/HH/PYGMO/ISLAND/0.3na/CMAES/hh_pas_surrogate.
PYGMO FITNES
NEURON mechanisms not found in /home/nest/Documents/TESTS/HH/PYGMO/ISLAND/0.3na/CMAES/hh_pas_surrogate.
NEURON mechanisms not found in /home/nest/Documents/TESTS/HH/PYGMO/ISLAND/0.3na/CMAES/hh_pas_surrogate.
PYGMO FITNES
NEURON mechanisms not found in /home/nest/Documents/TESTS/HH/PYGMO/ISLAND/0.3na/CMAES/hh_pas_surrogate.
NEURON mechanisms not found in /home/nest/Documents/TESTS/HH/PYGMO/ISLAND/0.3na/CMAES/hh_pas_surrogate.
PYGMO FITNES
NEURON mechanisms not found in /home/nest/Documents/TESTS/HH/PYGMO/ISLAND/0.3na/CMAES/hh_pas_surrogate.
NEURON mechanisms not found in /home/nest/Documents/TESTS/HH/PYGMO/ISLAND/0.3na/CMAES/hh_pas_surrogate.
PYGMO FITNES
NEURON mechanisms not found in /home/nest/Documents/TESTS/HH/PYGMO/ISLAND/0.3na/CMAES/hh_pas_surrogate.
NEURON mechanisms not found in /home/nest/Documents/TESTS/HH/PYGMO/ISLAND/0.3na/CMAES/hh_pas_surrogate.
PYGMO FITNES
NEURON mechanisms not found in /home/nest/Documents/TESTS/HH/PYGMO/ISLAND/0.3na/CMAES/hh_pas_surrogate.
NEURON mechanisms not found in /home/nest/Documents/TESTS/HH/PYGMO/ISLAND/0.3na/CMAES/hh_pas_surrogate.
PYGMO FITNES
NEURON mechanisms not found in /home/nest/Documents/TESTS/HH/PYGMO/ISLAND/0.3na/CMAES/hh_pas_surrogate.
NEURON mechanisms not found in /home/nest/Documents/TESTS/HH/PYGMO/ISLAND/0.3na/CMAES/hh_pas_surrogate.
PYGMO FITNES
NEURON mechanisms not found in /home/nest/Documents/TESTS/HH/PYGMO/ISLAND/0.3na/CMAES/hh_pas_surrogate.
NEURON mechanisms not found in /home/nest/Documents/TESTS/HH/PYGMO/ISLAND/0.3na/CMAES/hh_pas_surrogate.
PYGMO FITNES
NEURON mechanisms not found in /home/nest/Documents/TESTS/HH/PYGMO/ISLAND/0.3na/CMAES/hh_pas_surrogate.
NEURON mechanisms not found in /home/nest/Documents/TESTS/HH/PYGMO/ISLAND/0.3na/CMAES/hh_pas_surrogate.
PYGMO FITNES
NEURON mechanisms not found in /home/nest/Documents/TESTS/HH/PYGMO/ISLAND/0.3na/CMAES/hh_pas_surrogate.
NEURON mechanisms not found in /home/nest/Documents/TESTS/HH/PYGMO/ISLAND/0.3na/CMAES/hh_pas_surrogate.
PYGMO FITNES
NEURON mechanisms not found in /home/nest/Documents/TESTS/HH/PYGMO/ISLAND/0.3na/CMAES/hh_pas_surrogate.
NEURON mechanisms not found in /home/nest/Documents/TESTS/HH/PYGMO/ISLAND/0.3na/CMAES/hh_pas_surrogate.
PYGMO FITNES
NEURON mechanisms not found in /home/nest/Documents/TESTS/HH/PYGMO/ISLAND/0.3na/CMAES/hh_pas_surrogate.
NEURON mechanisms not found in /home/nest/Documents/TESTS/HH/PYGMO/ISLAND/0.3na/CMAES/hh_pas_surrogate.
PYGMO FITNES
NEURON mechanisms not found in /home/nest/Documents/TESTS/HH/PYGMO/ISLAND/0.3na/CMAES/hh_pas_surrogate.
NEURON mechanisms not found in /home/nest/Documents/TESTS/HH/PYGMO/ISLAND/0.3na/CMAES/hh_pas_surrogate.
PYGMO FITNES
NEURON mechanisms not found in /home/nest/Documents/TESTS/HH/PYGMO/ISLAND/0.3na/CMAES/hh_pas_surrogate.
NEURON mechanisms not found in /home/nest/Documents/TESTS/HH/PYGMO/ISLAND/0.3na/CMAES/hh_pas_surrogate.
PYGMO FITNES
NEURON mechanisms not found in /home/nest/Documents/TESTS/HH/PYGMO/ISLAND/0.3na/CMAES/hh_pas_surrogate.
NEURON mechanisms not found in /home/nest/Documents/TESTS/HH/PYGMO/ISLAND/0.3na/CMAES/hh_pas_surrogate.
PYGMO FITNES
NEURON mechanisms not found in /home/nest/Documents/TESTS/HH/PYGMO/ISLAND/0.3na/CMAES/hh_pas_surrogate.
NEURON mechanisms not found in /home/nest/Documents/TESTS/HH/PYGMO/ISLAND/0.3na/CMAES/hh_pas_surrogate.
PYGMO FITNES
NEURON mechanisms not found in /home/nest/Documents/TESTS/HH/PYGMO/ISLAND/0.3na/CMAES/hh_pas_surrogate.
NEURON mechanisms not found in /home/nest/Documents/TESTS/HH/PYGMO/ISLAND/0.3na/CMAES/hh_pas_surrogate.
PYGMO FITNES
NEURON mechanisms not found in /home/nest/Documents/TESTS/HH/PYGMO/ISLAND/0.3na/CMAES/hh_pas_surrogate.['/home/nest/Documents/TESTS/HH/PYGMO/SINGLE/CMAES/hh_pas_surrogate_4', ['/home/nest/Documents/TESTS/HH/PYGMO/SINGLE/CMAES/hh_pas_surrogate_4/input_data2.dat', 1, 'mV', 1000, 40000, 'True', 'voltage'], ['/home/nest/Documents/TESTS/HH/PYGMO/ISLAND/0.3na/CMAES/hh_pas_surrogate/hh_pas.hoc', '/home/nest/Documents/TESTS/HH/PYGMO/ISLAND/0.3na/CMAES/hh_pas_surrogate'], ['IClamp', 0.5, 'soma'], [[0.3], 200.0, 500.0], ['soma 0 hh gnabar_hh', 'soma 0 hh gkbar_hh', 'soma 0 hh gl_hh'], [0, 0, 0], [[{'Spike Detection Thres. (mv)': 0.0, 'Spike Window (ms)': 40.0}, ['MSE (excl. spikes)', 'Spike count (stim.)', 'AP amplitude', 'AP width']], [0.25, 0.25, 0.25, 0.25]], {'seed': 1238.0, 'evo_strat': 'PYGMO CMAES', 'Size of Population:': 100.0, 'Number of Islands:': 1.0, 'Number of Generations:': 100.0, 'Force bounds:': None, 'Mutation Rate:': 0.25, 'Crossover Rate:': 'None', 'Cooling Rate:': 'None', 'Mean of Gaussian:': 'None', 'Std. Deviation of Gaussian:': 'None', 'Initial Temperature:': 'None', 'Step Size:': 'None', 'Temperature:': 'None', 'Update Frequency:': 'None', 'Number of Iterations:': 'None', 'Number of Repetition:': 'None', 'Error Tolerance for x:': 'None', 'Error Tolerance for f:': 'None', 'num_params': 3, 'boundaries': [[0.01, 0.01, 1e-05], [1.0, 1.0, 0.001]], 'starting_points': 'None', 'Inertia:': 'None', 'Cognitive Rate:': 'None', 'Social Rate:': 'None', 'Neighborhood Size:': 'None', 'Number of CPU:': 2}]


NEURON mechanisms not found in /home/nest/Documents/TESTS/HH/PYGMO/ISLAND/0.3na/CMAES/hh_pas_surrogate.
Force bounds
None
NEURON mechanisms not found in /home/nest/Documents/TESTS/HH/PYGMO/ISLAND/0.3na/CMAES/hh_pas_surrogate.
NEURON mechanisms not found in /home/nest/Documents/TESTS/HH/PYGMO/ISLAND/0.3na/CMAES/hh_pas_surrogate.
PYGMO FITNES
NEURON mechanisms not found in /home/nest/Documents/TESTS/HH/PYGMO/ISLAND/0.3na/CMAES/hh_pas_surrogate.
NEURON mechanisms not found in /home/nest/Documents/TESTS/HH/PYGMO/ISLAND/0.3na/CMAES/hh_pas_surrogate.
PYGMO FITNES
NEURON mechanisms not found in /home/nest/Documents/TESTS/HH/PYGMO/ISLAND/0.3na/CMAES/hh_pas_surrogate.
NEURON mechanisms not found in /home/nest/Documents/TESTS/HH/PYGMO/ISLAND/0.3na/CMAES/hh_pas_surrogate.
PYGMO FITNES
NEURON mechanisms not found in /home/nest/Documents/TESTS/HH/PYGMO/ISLAND/0.3na/CMAES/hh_pas_surrogate.
NEURON mechanisms not found in /home/nest/Documents/TESTS/HH/PYGMO/ISLAND/0.3na/CMAES/hh_pas_surrogate.
PYGMO FITNES
NEURON mechanisms not found in /home/nest/Documents/TESTS/HH/PYGMO/ISLAND/0.3na/CMAES/hh_pas_surrogate.
NEURON mechanisms not found in /home/nest/Documents/TESTS/HH/PYGMO/ISLAND/0.3na/CMAES/hh_pas_surrogate.
PYGMO FITNES
NEURON mechanisms not found in /home/nest/Documents/TESTS/HH/PYGMO/ISLAND/0.3na/CMAES/hh_pas_surrogate.
NEURON mechanisms not found in /home/nest/Documents/TESTS/HH/PYGMO/ISLAND/0.3na/CMAES/hh_pas_surrogate.
PYGMO FITNES
NEURON mechanisms not found in /home/nest/Documents/TESTS/HH/PYGMO/ISLAND/0.3na/CMAES/hh_pas_surrogate.
NEURON mechanisms not found in /home/nest/Documents/TESTS/HH/PYGMO/ISLAND/0.3na/CMAES/hh_pas_surrogate.
PYGMO FITNES
NEURON mechanisms not found in /home/nest/Documents/TESTS/HH/PYGMO/ISLAND/0.3na/CMAES/hh_pas_surrogate.
NEURON mechanisms not found in /home/nest/Documents/TESTS/HH/PYGMO/ISLAND/0.3na/CMAES/hh_pas_surrogate.
PYGMO FITNES
NEURON mechanisms not found in /home/nest/Documents/TESTS/HH/PYGMO/ISLAND/0.3na/CMAES/hh_pas_surrogate.
NEURON mechanisms not found in /home/nest/Documents/TESTS/HH/PYGMO/ISLAND/0.3na/CMAES/hh_pas_surrogate.
PYGMO FITNES
NEURON mechanisms not found in /home/nest/Documents/TESTS/HH/PYGMO/ISLAND/0.3na/CMAES/hh_pas_surrogate.
NEURON mechanisms not found in /home/nest/Documents/TESTS/HH/PYGMO/ISLAND/0.3na/CMAES/hh_pas_surrogate.
PYGMO FITNES
NEURON mechanisms not found in /home/nest/Documents/TESTS/HH/PYGMO/ISLAND/0.3na/CMAES/hh_pas_surrogate.
NEURON mechanisms not found in /home/nest/Documents/TESTS/HH/PYGMO/ISLAND/0.3na/CMAES/hh_pas_surrogate.
PYGMO FITNES
NEURON mechanisms not found in /home/nest/Documents/TESTS/HH/PYGMO/ISLAND/0.3na/CMAES/hh_pas_surrogate.
NEURON mechanisms not found in /home/nest/Documents/TESTS/HH/PYGMO/ISLAND/0.3na/CMAES/hh_pas_surrogate.
PYGMO FITNES
NEURON mechanisms not found in /home/nest/Documents/TESTS/HH/PYGMO/ISLAND/0.3na/CMAES/hh_pas_surrogate.
NEURON mechanisms not found in /home/nest/Documents/TESTS/HH/PYGMO/ISLAND/0.3na/CMAES/hh_pas_surrogate.
PYGMO FITNES
NEURON mechanisms not found in /home/nest/Documents/TESTS/HH/PYGMO/ISLAND/0.3na/CMAES/hh_pas_surrogate.
NEURON mechanisms not found in /home/nest/Documents/TESTS/HH/PYGMO/ISLAND/0.3na/CMAES/hh_pas_surrogate.
PYGMO FITNES
NEURON mechanisms not found in /home/nest/Documents/TESTS/HH/PYGMO/ISLAND/0.3na/CMAES/hh_pas_surrogate.
NEURON mechanisms not found in /home/nest/Documents/TESTS/HH/PYGMO/ISLAND/0.3na/CMAES/hh_pas_surrogate.
PYGMO FITNES
NEURON mechanisms not found in /home/nest/Documents/TESTS/HH/PYGMO/ISLAND/0.3na/CMAES/hh_pas_surrogate.
NEURON mechanisms not found in /home/nest/Documents/TESTS/HH/PYGMO/ISLAND/0.3na/CMAES/hh_pas_surrogate.
PYGMO FITNES
NEURON mechanisms not found in /home/nest/Documents/TESTS/HH/PYGMO/ISLAND/0.3na/CMAES/hh_pas_surrogate.
NEURON mechanisms not found in /home/nest/Documents/TESTS/HH/PYGMO/ISLAND/0.3na/CMAES/hh_pas_surrogate.
PYGMO FITNES
NEURON mechanisms not found in /home/nest/Documents/TESTS/HH/PYGMO/ISLAND/0.3na/CMAES/hh_pas_surrogate.
NEURON mechanisms not found in /home/nest/Documents/TESTS/HH/PYGMO/ISLAND/0.3na/CMAES/hh_pas_surrogate.
PYGMO FITNES
NEURON mechanisms not found in /home/nest/Documents/TESTS/HH/PYGMO/ISLAND/0.3na/CMAES/hh_pas_surrogate.
NEURON mechanisms not found in /home/nest/Documents/TESTS/HH/PYGMO/ISLAND/0.3na/CMAES/hh_pas_surrogate.
PYGMO FITNES
NEURON mechanisms not found in /home/nest/Documents/TESTS/HH/PYGMO/ISLAND/0.3na/CMAES/hh_pas_surrogate.
NEURON mechanisms not found in /home/nest/Documents/TESTS/HH/PYGMO/ISLAND/0.3na/CMAES/hh_pas_surrogate.
PYGMO FITNES
NEURON mechanisms not found in /home/nest/Documents/TESTS/HH/PYGMO/ISLAND/0.3na/CMAES/hh_pas_surrogate.
NEURON mechanisms not found in /home/nest/Documents/TESTS/HH/PYGMO/ISLAND/0.3na/CMAES/hh_pas_surrogate.
PYGMO FITNES
NEURON mechanisms not found in /home/nest/Documents/TESTS/HH/PYGMO/ISLAND/0.3na/CMAES/hh_pas_surrogate.
NEURON mechanisms not found in /home/nest/Documents/TESTS/HH/PYGMO/ISLAND/0.3na/CMAES/hh_pas_surrogate.
PYGMO FITNES
NEURON mechanisms not found in /home/nest/Documents/TESTS/HH/PYGMO/ISLAND/0.3na/CMAES/hh_pas_surrogate.
NEURON mechanisms not found in /home/nest/Documents/TESTS/HH/PYGMO/ISLAND/0.3na/CMAES/hh_pas_surrogate.
PYGMO FITNES
NEURON mechanisms not found in /home/nest/Documents/TESTS/HH/PYGMO/ISLAND/0.3na/CMAES/hh_pas_surrogate.
NEURON mechanisms not found in /home/nest/Documents/TESTS/HH/PYGMO/ISLAND/0.3na/CMAES/hh_pas_surrogate.
PYGMO FITNES
NEURON mechanisms not found in /home/nest/Documents/TESTS/HH/PYGMO/ISLAND/0.3na/CMAES/hh_pas_surrogate.
NEURON mechanisms not found in /home/nest/Documents/TESTS/HH/PYGMO/ISLAND/0.3na/CMAES/hh_pas_surrogate.
PYGMO FITNES
NEURON mechanisms not found in /home/nest/Documents/TESTS/HH/PYGMO/ISLAND/0.3na/CMAES/hh_pas_surrogate.
NEURON mechanisms not found in /home/nest/Documents/TESTS/HH/PYGMO/ISLAND/0.3na/CMAES/hh_pas_surrogate.
PYGMO FITNES
NEURON mechanisms not found in /home/nest/Documents/TESTS/HH/PYGMO/ISLAND/0.3na/CMAES/hh_pas_surrogate.
NEURON mechanisms not found in /home/nest/Documents/TESTS/HH/PYGMO/ISLAND/0.3na/CMAES/hh_pas_surrogate.
PYGMO FITNES
NEURON mechanisms not found in /home/nest/Documents/TESTS/HH/PYGMO/ISLAND/0.3na/CMAES/hh_pas_surrogate.
NEURON mechanisms not found in /home/nest/Documents/TESTS/HH/PYGMO/ISLAND/0.3na/CMAES/hh_pas_surrogate.
PYGMO FITNES
NEURON mechanisms not found in /home/nest/Documents/TESTS/HH/PYGMO/ISLAND/0.3na/CMAES/hh_pas_surrogate.
NEURON mechanisms not found in /home/nest/Documents/TESTS/HH/PYGMO/ISLAND/0.3na/CMAES/hh_pas_surrogate.
PYGMO FITNES
NEURON mechanisms not found in /home/nest/Documents/TESTS/HH/PYGMO/ISLAND/0.3na/CMAES/hh_pas_surrogate.
NEURON mechanisms not found in /home/nest/Documents/TESTS/HH/PYGMO/ISLAND/0.3na/CMAES/hh_pas_surrogate.
PYGMO FITNES
NEURON mechanisms not found in /home/nest/Documents/TESTS/HH/PYGMO/ISLAND/0.3na/CMAES/hh_pas_surrogate.['/home/nest/Documents/TESTS/HH/PYGMO/SINGLE/CMAES/hh_pas_surrogate_3', ['/home/nest/Documents/TESTS/HH/PYGMO/SINGLE/CMAES/hh_pas_surrogate_3/input_data2.dat', 1, 'mV', 1000, 40000, 'True', 'voltage'], ['/home/nest/Documents/TESTS/HH/PYGMO/ISLAND/0.3na/CMAES/hh_pas_surrogate/hh_pas.hoc', '/home/nest/Documents/TESTS/HH/PYGMO/ISLAND/0.3na/CMAES/hh_pas_surrogate'], ['IClamp', 0.5, 'soma'], [[0.3], 200.0, 500.0], ['soma 0 hh gnabar_hh', 'soma 0 hh gkbar_hh', 'soma 0 hh gl_hh'], [0, 0, 0], [[{'Spike Detection Thres. (mv)': 0.0, 'Spike Window (ms)': 40.0}, ['MSE (excl. spikes)', 'Spike count (stim.)', 'AP amplitude', 'AP width']], [0.25, 0.25, 0.25, 0.25]], {'seed': 1237.0, 'evo_strat': 'PYGMO CMAES', 'Size of Population:': 100.0, 'Number of Islands:': 1.0, 'Number of Generations:': 100.0, 'Force bounds:': None, 'Mutation Rate:': 0.25, 'Crossover Rate:': 'None', 'Cooling Rate:': 'None', 'Mean of Gaussian:': 'None', 'Std. Deviation of Gaussian:': 'None', 'Initial Temperature:': 'None', 'Step Size:': 'None', 'Temperature:': 'None', 'Update Frequency:': 'None', 'Number of Iterations:': 'None', 'Number of Repetition:': 'None', 'Error Tolerance for x:': 'None', 'Error Tolerance for f:': 'None', 'num_params': 3, 'boundaries': [[0.01, 0.01, 1e-05], [1.0, 1.0, 0.001]], 'starting_points': 'None', 'Inertia:': 'None', 'Cognitive Rate:': 'None', 'Social Rate:': 'None', 'Neighborhood Size:': 'None', 'Number of CPU:': 2}]


NEURON mechanisms not found in /home/nest/Documents/TESTS/HH/PYGMO/ISLAND/0.3na/CMAES/hh_pas_surrogate.
Force bounds
None
NEURON mechanisms not found in /home/nest/Documents/TESTS/HH/PYGMO/ISLAND/0.3na/CMAES/hh_pas_surrogate.
NEURON mechanisms not found in /home/nest/Documents/TESTS/HH/PYGMO/ISLAND/0.3na/CMAES/hh_pas_surrogate.
PYGMO FITNES
NEURON mechanisms not found in /home/nest/Documents/TESTS/HH/PYGMO/ISLAND/0.3na/CMAES/hh_pas_surrogate.
NEURON mechanisms not found in /home/nest/Documents/TESTS/HH/PYGMO/ISLAND/0.3na/CMAES/hh_pas_surrogate.
PYGMO FITNES
NEURON mechanisms not found in /home/nest/Documents/TESTS/HH/PYGMO/ISLAND/0.3na/CMAES/hh_pas_surrogate.
NEURON mechanisms not found in /home/nest/Documents/TESTS/HH/PYGMO/ISLAND/0.3na/CMAES/hh_pas_surrogate.
PYGMO FITNES
NEURON mechanisms not found in /home/nest/Documents/TESTS/HH/PYGMO/ISLAND/0.3na/CMAES/hh_pas_surrogate.
NEURON mechanisms not found in /home/nest/Documents/TESTS/HH/PYGMO/ISLAND/0.3na/CMAES/hh_pas_surrogate.
PYGMO FITNES
NEURON mechanisms not found in /home/nest/Documents/TESTS/HH/PYGMO/ISLAND/0.3na/CMAES/hh_pas_surrogate.
NEURON mechanisms not found in /home/nest/Documents/TESTS/HH/PYGMO/ISLAND/0.3na/CMAES/hh_pas_surrogate.
PYGMO FITNES
NEURON mechanisms not found in /home/nest/Documents/TESTS/HH/PYGMO/ISLAND/0.3na/CMAES/hh_pas_surrogate.
NEURON mechanisms not found in /home/nest/Documents/TESTS/HH/PYGMO/ISLAND/0.3na/CMAES/hh_pas_surrogate.
PYGMO FITNES
NEURON mechanisms not found in /home/nest/Documents/TESTS/HH/PYGMO/ISLAND/0.3na/CMAES/hh_pas_surrogate.
NEURON mechanisms not found in /home/nest/Documents/TESTS/HH/PYGMO/ISLAND/0.3na/CMAES/hh_pas_surrogate.
PYGMO FITNES
NEURON mechanisms not found in /home/nest/Documents/TESTS/HH/PYGMO/ISLAND/0.3na/CMAES/hh_pas_surrogate.
NEURON mechanisms not found in /home/nest/Documents/TESTS/HH/PYGMO/ISLAND/0.3na/CMAES/hh_pas_surrogate.
PYGMO FITNES
NEURON mechanisms not found in /home/nest/Documents/TESTS/HH/PYGMO/ISLAND/0.3na/CMAES/hh_pas_surrogate.
NEURON mechanisms not found in /home/nest/Documents/TESTS/HH/PYGMO/ISLAND/0.3na/CMAES/hh_pas_surrogate.
PYGMO FITNES
NEURON mechanisms not found in /home/nest/Documents/TESTS/HH/PYGMO/ISLAND/0.3na/CMAES/hh_pas_surrogate.
NEURON mechanisms not found in /home/nest/Documents/TESTS/HH/PYGMO/ISLAND/0.3na/CMAES/hh_pas_surrogate.
PYGMO FITNES
NEURON mechanisms not found in /home/nest/Documents/TESTS/HH/PYGMO/ISLAND/0.3na/CMAES/hh_pas_surrogate.
NEURON mechanisms not found in /home/nest/Documents/TESTS/HH/PYGMO/ISLAND/0.3na/CMAES/hh_pas_surrogate.
PYGMO FITNES
NEURON mechanisms not found in /home/nest/Documents/TESTS/HH/PYGMO/ISLAND/0.3na/CMAES/hh_pas_surrogate.
NEURON mechanisms not found in /home/nest/Documents/TESTS/HH/PYGMO/ISLAND/0.3na/CMAES/hh_pas_surrogate.
PYGMO FITNES
NEURON mechanisms not found in /home/nest/Documents/TESTS/HH/PYGMO/ISLAND/0.3na/CMAES/hh_pas_surrogate.
NEURON mechanisms not found in /home/nest/Documents/TESTS/HH/PYGMO/ISLAND/0.3na/CMAES/hh_pas_surrogate.
PYGMO FITNES
NEURON mechanisms not found in /home/nest/Documents/TESTS/HH/PYGMO/ISLAND/0.3na/CMAES/hh_pas_surrogate.
NEURON mechanisms not found in /home/nest/Documents/TESTS/HH/PYGMO/ISLAND/0.3na/CMAES/hh_pas_surrogate.
PYGMO FITNES
NEURON mechanisms not found in /home/nest/Documents/TESTS/HH/PYGMO/ISLAND/0.3na/CMAES/hh_pas_surrogate.
NEURON mechanisms not found in /home/nest/Documents/TESTS/HH/PYGMO/ISLAND/0.3na/CMAES/hh_pas_surrogate.
PYGMO FITNES
NEURON mechanisms not found in /home/nest/Documents/TESTS/HH/PYGMO/ISLAND/0.3na/CMAES/hh_pas_surrogate.
NEURON mechanisms not found in /home/nest/Documents/TESTS/HH/PYGMO/ISLAND/0.3na/CMAES/hh_pas_surrogate.
PYGMO FITNES
NEURON mechanisms not found in /home/nest/Documents/TESTS/HH/PYGMO/ISLAND/0.3na/CMAES/hh_pas_surrogate.
NEURON mechanisms not found in /home/nest/Documents/TESTS/HH/PYGMO/ISLAND/0.3na/CMAES/hh_pas_surrogate.
PYGMO FITNES
NEURON mechanisms not found in /home/nest/Documents/TESTS/HH/PYGMO/ISLAND/0.3na/CMAES/hh_pas_surrogate.
NEURON mechanisms not found in /home/nest/Documents/TESTS/HH/PYGMO/ISLAND/0.3na/CMAES/hh_pas_surrogate.
PYGMO FITNES
NEURON mechanisms not found in /home/nest/Documents/TESTS/HH/PYGMO/ISLAND/0.3na/CMAES/hh_pas_surrogate.
NEURON mechanisms not found in /home/nest/Documents/TESTS/HH/PYGMO/ISLAND/0.3na/CMAES/hh_pas_surrogate.
PYGMO FITNES
NEURON mechanisms not found in /home/nest/Documents/TESTS/HH/PYGMO/ISLAND/0.3na/CMAES/hh_pas_surrogate.
NEURON mechanisms not found in /home/nest/Documents/TESTS/HH/PYGMO/ISLAND/0.3na/CMAES/hh_pas_surrogate.
PYGMO FITNES
NEURON mechanisms not found in /home/nest/Documents/TESTS/HH/PYGMO/ISLAND/0.3na/CMAES/hh_pas_surrogate.
NEURON mechanisms not found in /home/nest/Documents/TESTS/HH/PYGMO/ISLAND/0.3na/CMAES/hh_pas_surrogate.
PYGMO FITNES
NEURON mechanisms not found in /home/nest/Documents/TESTS/HH/PYGMO/ISLAND/0.3na/CMAES/hh_pas_surrogate.
NEURON mechanisms not found in /home/nest/Documents/TESTS/HH/PYGMO/ISLAND/0.3na/CMAES/hh_pas_surrogate.
PYGMO FITNES
NEURON mechanisms not found in /home/nest/Documents/TESTS/HH/PYGMO/ISLAND/0.3na/CMAES/hh_pas_surrogate.
NEURON mechanisms not found in /home/nest/Documents/TESTS/HH/PYGMO/ISLAND/0.3na/CMAES/hh_pas_surrogate.
PYGMO FITNES
NEURON mechanisms not found in /home/nest/Documents/TESTS/HH/PYGMO/ISLAND/0.3na/CMAES/hh_pas_surrogate.
NEURON mechanisms not found in /home/nest/Documents/TESTS/HH/PYGMO/ISLAND/0.3na/CMAES/hh_pas_surrogate.
PYGMO FITNES
NEURON mechanisms not found in /home/nest/Documents/TESTS/HH/PYGMO/ISLAND/0.3na/CMAES/hh_pas_surrogate.
NEURON mechanisms not found in /home/nest/Documents/TESTS/HH/PYGMO/ISLAND/0.3na/CMAES/hh_pas_surrogate.
PYGMO FITNES
NEURON mechanisms not found in /home/nest/Documents/TESTS/HH/PYGMO/ISLAND/0.3na/CMAES/hh_pas_surrogate.
NEURON mechanisms not found in /home/nest/Documents/TESTS/HH/PYGMO/ISLAND/0.3na/CMAES/hh_pas_surrogate.
PYGMO FITNES
NEURON mechanisms not found in /home/nest/Documents/TESTS/HH/PYGMO/ISLAND/0.3na/CMAES/hh_pas_surrogate.
NEURON mechanisms not found in /home/nest/Documents/TESTS/HH/PYGMO/ISLAND/0.3na/CMAES/hh_pas_surrogate.
PYGMO FITNES
NEURON mechanisms not found in /home/nest/Documents/TESTS/HH/PYGMO/ISLAND/0.3na/CMAES/hh_pas_surrogate.
NEURON mechanisms not found in /home/nest/Documents/TESTS/HH/PYGMO/ISLAND/0.3na/CMAES/hh_pas_surrogate.
PYGMO FITNES
NEURON mechanisms not found in /home/nest/Documents/TESTS/HH/PYGMO/ISLAND/0.3na/CMAES/hh_pas_surrogate.
NEURON mechanisms not found in /home/nest/Documents/TESTS/HH/PYGMO/ISLAND/0.3na/CMAES/hh_pas_surrogate.
PYGMO FITNES
NEURON mechanisms not found in /home/nest/Documents/TESTS/HH/PYGMO/ISLAND/0.3na/CMAES/hh_pas_surrogate.
NEURON mechanisms not found in /home/nest/Documents/TESTS/HH/PYGMO/ISLAND/0.3na/CMAES/hh_pas_surrogate.
PYGMO FITNES
NEURON mechanisms not found in /home/nest/Documents/TESTS/HH/PYGMO/ISLAND/0.3na/CMAES/hh_pas_surrogate.['/home/nest/Documents/TESTS/HH/PYGMO/SINGLE/CMAES/hh_pas_surrogate_5', ['/home/nest/Documents/TESTS/HH/PYGMO/SINGLE/CMAES/hh_pas_surrogate_5/input_data2.dat', 1, 'mV', 1000, 40000, 'True', 'voltage'], ['/home/nest/Documents/TESTS/HH/PYGMO/ISLAND/0.3na/CMAES/hh_pas_surrogate/hh_pas.hoc', '/home/nest/Documents/TESTS/HH/PYGMO/ISLAND/0.3na/CMAES/hh_pas_surrogate'], ['IClamp', 0.5, 'soma'], [[0.3], 200.0, 500.0], ['soma 0 hh gnabar_hh', 'soma 0 hh gkbar_hh', 'soma 0 hh gl_hh'], [0, 0, 0], [[{'Spike Detection Thres. (mv)': 0.0, 'Spike Window (ms)': 40.0}, ['MSE (excl. spikes)', 'Spike count (stim.)', 'AP amplitude', 'AP width']], [0.25, 0.25, 0.25, 0.25]], {'seed': 1239.0, 'evo_strat': 'PYGMO CMAES', 'Size of Population:': 100.0, 'Number of Islands:': 1.0, 'Number of Generations:': 100.0, 'Force bounds:': None, 'Mutation Rate:': 0.25, 'Crossover Rate:': 'None', 'Cooling Rate:': 'None', 'Mean of Gaussian:': 'None', 'Std. Deviation of Gaussian:': 'None', 'Initial Temperature:': 'None', 'Step Size:': 'None', 'Temperature:': 'None', 'Update Frequency:': 'None', 'Number of Iterations:': 'None', 'Number of Repetition:': 'None', 'Error Tolerance for x:': 'None', 'Error Tolerance for f:': 'None', 'num_params': 3, 'boundaries': [[0.01, 0.01, 1e-05], [1.0, 1.0, 0.001]], 'starting_points': 'None', 'Inertia:': 'None', 'Cognitive Rate:': 'None', 'Social Rate:': 'None', 'Neighborhood Size:': 'None', 'Number of CPU:': 2}]


NEURON mechanisms not found in /home/nest/Documents/TESTS/HH/PYGMO/ISLAND/0.3na/CMAES/hh_pas_surrogate.
Force bounds
None
NEURON mechanisms not found in /home/nest/Documents/TESTS/HH/PYGMO/ISLAND/0.3na/CMAES/hh_pas_surrogate.
NEURON mechanisms not found in /home/nest/Documents/TESTS/HH/PYGMO/ISLAND/0.3na/CMAES/hh_pas_surrogate.
PYGMO FITNES
NEURON mechanisms not found in /home/nest/Documents/TESTS/HH/PYGMO/ISLAND/0.3na/CMAES/hh_pas_surrogate.
NEURON mechanisms not found in /home/nest/Documents/TESTS/HH/PYGMO/ISLAND/0.3na/CMAES/hh_pas_surrogate.
PYGMO FITNES
NEURON mechanisms not found in /home/nest/Documents/TESTS/HH/PYGMO/ISLAND/0.3na/CMAES/hh_pas_surrogate.
NEURON mechanisms not found in /home/nest/Documents/TESTS/HH/PYGMO/ISLAND/0.3na/CMAES/hh_pas_surrogate.
PYGMO FITNES
NEURON mechanisms not found in /home/nest/Documents/TESTS/HH/PYGMO/ISLAND/0.3na/CMAES/hh_pas_surrogate.
NEURON mechanisms not found in /home/nest/Documents/TESTS/HH/PYGMO/ISLAND/0.3na/CMAES/hh_pas_surrogate.
PYGMO FITNES
NEURON mechanisms not found in /home/nest/Documents/TESTS/HH/PYGMO/ISLAND/0.3na/CMAES/hh_pas_surrogate.
NEURON mechanisms not found in /home/nest/Documents/TESTS/HH/PYGMO/ISLAND/0.3na/CMAES/hh_pas_surrogate.
PYGMO FITNES
NEURON mechanisms not found in /home/nest/Documents/TESTS/HH/PYGMO/ISLAND/0.3na/CMAES/hh_pas_surrogate.
NEURON mechanisms not found in /home/nest/Documents/TESTS/HH/PYGMO/ISLAND/0.3na/CMAES/hh_pas_surrogate.
PYGMO FITNES
NEURON mechanisms not found in /home/nest/Documents/TESTS/HH/PYGMO/ISLAND/0.3na/CMAES/hh_pas_surrogate.
NEURON mechanisms not found in /home/nest/Documents/TESTS/HH/PYGMO/ISLAND/0.3na/CMAES/hh_pas_surrogate.
PYGMO FITNES
NEURON mechanisms not found in /home/nest/Documents/TESTS/HH/PYGMO/ISLAND/0.3na/CMAES/hh_pas_surrogate.
NEURON mechanisms not found in /home/nest/Documents/TESTS/HH/PYGMO/ISLAND/0.3na/CMAES/hh_pas_surrogate.
PYGMO FITNES
NEURON mechanisms not found in /home/nest/Documents/TESTS/HH/PYGMO/ISLAND/0.3na/CMAES/hh_pas_surrogate.
NEURON mechanisms not found in /home/nest/Documents/TESTS/HH/PYGMO/ISLAND/0.3na/CMAES/hh_pas_surrogate.
PYGMO FITNES
NEURON mechanisms not found in /home/nest/Documents/TESTS/HH/PYGMO/ISLAND/0.3na/CMAES/hh_pas_surrogate.
NEURON mechanisms not found in /home/nest/Documents/TESTS/HH/PYGMO/ISLAND/0.3na/CMAES/hh_pas_surrogate.
PYGMO FITNES
NEURON mechanisms not found in /home/nest/Documents/TESTS/HH/PYGMO/ISLAND/0.3na/CMAES/hh_pas_surrogate.
NEURON mechanisms not found in /home/nest/Documents/TESTS/HH/PYGMO/ISLAND/0.3na/CMAES/hh_pas_surrogate.
PYGMO FITNES
NEURON mechanisms not found in /home/nest/Documents/TESTS/HH/PYGMO/ISLAND/0.3na/CMAES/hh_pas_surrogate.
NEURON mechanisms not found in /home/nest/Documents/TESTS/HH/PYGMO/ISLAND/0.3na/CMAES/hh_pas_surrogate.
PYGMO FITNES
NEURON mechanisms not found in /home/nest/Documents/TESTS/HH/PYGMO/ISLAND/0.3na/CMAES/hh_pas_surrogate.
NEURON mechanisms not found in /home/nest/Documents/TESTS/HH/PYGMO/ISLAND/0.3na/CMAES/hh_pas_surrogate.
PYGMO FITNES
NEURON mechanisms not found in /home/nest/Documents/TESTS/HH/PYGMO/ISLAND/0.3na/CMAES/hh_pas_surrogate.
NEURON mechanisms not found in /home/nest/Documents/TESTS/HH/PYGMO/ISLAND/0.3na/CMAES/hh_pas_surrogate.
PYGMO FITNES
NEURON mechanisms not found in /home/nest/Documents/TESTS/HH/PYGMO/ISLAND/0.3na/CMAES/hh_pas_surrogate.
NEURON mechanisms not found in /home/nest/Documents/TESTS/HH/PYGMO/ISLAND/0.3na/CMAES/hh_pas_surrogate.
PYGMO FITNES
NEURON mechanisms not found in /home/nest/Documents/TESTS/HH/PYGMO/ISLAND/0.3na/CMAES/hh_pas_surrogate.
NEURON mechanisms not found in /home/nest/Documents/TESTS/HH/PYGMO/ISLAND/0.3na/CMAES/hh_pas_surrogate.
PYGMO FITNES
NEURON mechanisms not found in /home/nest/Documents/TESTS/HH/PYGMO/ISLAND/0.3na/CMAES/hh_pas_surrogate.
NEURON mechanisms not found in /home/nest/Documents/TESTS/HH/PYGMO/ISLAND/0.3na/CMAES/hh_pas_surrogate.
PYGMO FITNES
NEURON mechanisms not found in /home/nest/Documents/TESTS/HH/PYGMO/ISLAND/0.3na/CMAES/hh_pas_surrogate.
NEURON mechanisms not found in /home/nest/Documents/TESTS/HH/PYGMO/ISLAND/0.3na/CMAES/hh_pas_surrogate.
PYGMO FITNES
NEURON mechanisms not found in /home/nest/Documents/TESTS/HH/PYGMO/ISLAND/0.3na/CMAES/hh_pas_surrogate.
NEURON mechanisms not found in /home/nest/Documents/TESTS/HH/PYGMO/ISLAND/0.3na/CMAES/hh_pas_surrogate.
PYGMO FITNES
NEURON mechanisms not found in /home/nest/Documents/TESTS/HH/PYGMO/ISLAND/0.3na/CMAES/hh_pas_surrogate.
NEURON mechanisms not found in /home/nest/Documents/TESTS/HH/PYGMO/ISLAND/0.3na/CMAES/hh_pas_surrogate.
PYGMO FITNES
NEURON mechanisms not found in /home/nest/Documents/TESTS/HH/PYGMO/ISLAND/0.3na/CMAES/hh_pas_surrogate.
NEURON mechanisms not found in /home/nest/Documents/TESTS/HH/PYGMO/ISLAND/0.3na/CMAES/hh_pas_surrogate.
PYGMO FITNES
NEURON mechanisms not found in /home/nest/Documents/TESTS/HH/PYGMO/ISLAND/0.3na/CMAES/hh_pas_surrogate.
NEURON mechanisms not found in /home/nest/Documents/TESTS/HH/PYGMO/ISLAND/0.3na/CMAES/hh_pas_surrogate.
PYGMO FITNES
NEURON mechanisms not found in /home/nest/Documents/TESTS/HH/PYGMO/ISLAND/0.3na/CMAES/hh_pas_surrogate.
NEURON mechanisms not found in /home/nest/Documents/TESTS/HH/PYGMO/ISLAND/0.3na/CMAES/hh_pas_surrogate.
PYGMO FITNES
NEURON mechanisms not found in /home/nest/Documents/TESTS/HH/PYGMO/ISLAND/0.3na/CMAES/hh_pas_surrogate.
NEURON mechanisms not found in /home/nest/Documents/TESTS/HH/PYGMO/ISLAND/0.3na/CMAES/hh_pas_surrogate.
PYGMO FITNES
NEURON mechanisms not found in /home/nest/Documents/TESTS/HH/PYGMO/ISLAND/0.3na/CMAES/hh_pas_surrogate.
NEURON mechanisms not found in /home/nest/Documents/TESTS/HH/PYGMO/ISLAND/0.3na/CMAES/hh_pas_surrogate.
PYGMO FITNES
NEURON mechanisms not found in /home/nest/Documents/TESTS/HH/PYGMO/ISLAND/0.3na/CMAES/hh_pas_surrogate.
NEURON mechanisms not found in /home/nest/Documents/TESTS/HH/PYGMO/ISLAND/0.3na/CMAES/hh_pas_surrogate.
PYGMO FITNES
NEURON mechanisms not found in /home/nest/Documents/TESTS/HH/PYGMO/ISLAND/0.3na/CMAES/hh_pas_surrogate.
NEURON mechanisms not found in /home/nest/Documents/TESTS/HH/PYGMO/ISLAND/0.3na/CMAES/hh_pas_surrogate.
PYGMO FITNES
NEURON mechanisms not found in /home/nest/Documents/TESTS/HH/PYGMO/ISLAND/0.3na/CMAES/hh_pas_surrogate.
NEURON mechanisms not found in /home/nest/Documents/TESTS/HH/PYGMO/ISLAND/0.3na/CMAES/hh_pas_surrogate.
PYGMO FITNES
NEURON mechanisms not found in /home/nest/Documents/TESTS/HH/PYGMO/ISLAND/0.3na/CMAES/hh_pas_surrogate.
NEURON mechanisms not found in /home/nest/Documents/TESTS/HH/PYGMO/ISLAND/0.3na/CMAES/hh_pas_surrogate.
PYGMO FITNES
NEURON mechanisms not found in /home/nest/Documents/TESTS/HH/PYGMO/ISLAND/0.3na/CMAES/hh_pas_surrogate.
NEURON mechanisms not found in /home/nest/Documents/TESTS/HH/PYGMO/ISLAND/0.3na/CMAES/hh_pas_surrogate.
PYGMO FITNES
NEURON mechanisms not found in /home/nest/Documents/TESTS/HH/PYGMO/ISLAND/0.3na/CMAES/hh_pas_surrogate.
NEURON mechanisms not found in /home/nest/Documents/TESTS/HH/PYGMO/ISLAND/0.3na/CMAES/hh_pas_surrogate.
PYGMO FITNES
NEURON mechanisms not found in /home/nest/Documents/TESTS/HH/PYGMO/ISLAND/0.3na/CMAES/hh_pas_surrogate.
NEURON mechanisms not found in /home/nest/Documents/TESTS/HH/PYGMO/ISLAND/0.3na/CMAES/hh_pas_surrogate.
PYGMO FITNES
NEURON mechanisms not found in /home/nest/Documents/TESTS/HH/PYGMO/ISLAND/0.3na/CMAES/hh_pas_surrogate.
NEURON mechanisms not found in /home/nest/Documents/TESTS/HH/PYGMO/ISLAND/0.3na/CMAES/hh_pas_surrogate.
PYGMO FITNES
NEURON mechanisms not found in /home/nest/Documents/TESTS/HH/PYGMO/ISLAND/0.3na/CMAES/hh_pas_surrogate.
NEURON mechanisms not found in /home/nest/Documents/TESTS/HH/PYGMO/ISLAND/0.3na/CMAES/hh_pas_surrogate.
PYGMO FITNES
NEURON mechanisms not found in /home/nest/Documents/TESTS/HH/PYGMO/ISLAND/0.3na/CMAES/hh_pas_surrogate.
NEURON mechanisms not found in /home/nest/Documents/TESTS/HH/PYGMO/ISLAND/0.3na/CMAES/hh_pas_surrogate.
PYGMO FITNES
NEURON mechanisms not found in /home/nest/Documents/TESTS/HH/PYGMO/ISLAND/0.3na/CMAES/hh_pas_surrogate.
NEURON mechanisms not found in /home/nest/Documents/TESTS/HH/PYGMO/ISLAND/0.3na/CMAES/hh_pas_surrogate.
PYGMO FITNES
NEURON mechanisms not found in /home/nest/Documents/TESTS/HH/PYGMO/ISLAND/0.3na/CMAES/hh_pas_surrogate.
NEURON mechanisms not found in /home/nest/Documents/TESTS/HH/PYGMO/ISLAND/0.3na/CMAES/hh_pas_surrogate.
PYGMO FITNES
NEURON mechanisms not found in /home/nest/Documents/TESTS/HH/PYGMO/ISLAND/0.3na/CMAES/hh_pas_surrogate.
NEURON mechanisms not found in /home/nest/Documents/TESTS/HH/PYGMO/ISLAND/0.3na/CMAES/hh_pas_surrogate.
PYGMO FITNES
NEURON mechanisms not found in /home/nest/Documents/TESTS/HH/PYGMO/ISLAND/0.3na/CMAES/hh_pas_surrogate.
NEURON mechanisms not found in /home/nest/Documents/TESTS/HH/PYGMO/ISLAND/0.3na/CMAES/hh_pas_surrogate.
PYGMO FITNES
NEURON mechanisms not found in /home/nest/Documents/TESTS/HH/PYGMO/ISLAND/0.3na/CMAES/hh_pas_surrogate.
NEURON mechanisms not found in /home/nest/Documents/TESTS/HH/PYGMO/ISLAND/0.3na/CMAES/hh_pas_surrogate.
PYGMO FITNES
NEURON mechanisms not found in /home/nest/Documents/TESTS/HH/PYGMO/ISLAND/0.3na/CMAES/hh_pas_surrogate.
NEURON mechanisms not found in /home/nest/Documents/TESTS/HH/PYGMO/ISLAND/0.3na/CMAES/hh_pas_surrogate.
PYGMO FITNES
NEURON mechanisms not found in /home/nest/Documents/TESTS/HH/PYGMO/ISLAND/0.3na/CMAES/hh_pas_surrogate.
NEURON mechanisms not found in /home/nest/Documents/TESTS/HH/PYGMO/ISLAND/0.3na/CMAES/hh_pas_surrogate.
PYGMO FITNES
NEURON mechanisms not found in /home/nest/Documents/TESTS/HH/PYGMO/ISLAND/0.3na/CMAES/hh_pas_surrogate.
NEURON mechanisms not found in /home/nest/Documents/TESTS/HH/PYGMO/ISLAND/0.3na/CMAES/hh_pas_surrogate.
PYGMO FITNES
NEURON mechanisms not found in /home/nest/Documents/TESTS/HH/PYGMO/ISLAND/0.3na/CMAES/hh_pas_surrogate.
NEURON mechanisms not found in /home/nest/Documents/TESTS/HH/PYGMO/ISLAND/0.3na/CMAES/hh_pas_surrogate.
PYGMO FITNES
NEURON mechanisms not found in /home/nest/Documents/TESTS/HH/PYGMO/ISLAND/0.3na/CMAES/hh_pas_surrogate.
NEURON mechanisms not found in /home/nest/Documents/TESTS/HH/PYGMO/ISLAND/0.3na/CMAES/hh_pas_surrogate.
PYGMO FITNES
NEURON mechanisms not found in /home/nest/Documents/TESTS/HH/PYGMO/ISLAND/0.3na/CMAES/hh_pas_surrogate.
NEURON mechanisms not found in /home/nest/Documents/TESTS/HH/PYGMO/ISLAND/0.3na/CMAES/hh_pas_surrogate.
PYGMO FITNES
NEURON mechanisms not found in /home/nest/Documents/TESTS/HH/PYGMO/ISLAND/0.3na/CMAES/hh_pas_surrogate.
NEURON mechanisms not found in /home/nest/Documents/TESTS/HH/PYGMO/ISLAND/0.3na/CMAES/hh_pas_surrogate.
PYGMO FITNES
NEURON mechanisms not found in /home/nest/Documents/TESTS/HH/PYGMO/ISLAND/0.3na/CMAES/hh_pas_surrogate.
NEURON mechanisms not found in /home/nest/Documents/TESTS/HH/PYGMO/ISLAND/0.3na/CMAES/hh_pas_surrogate.
PYGMO FITNES
NEURON mechanisms not found in /home/nest/Documents/TESTS/HH/PYGMO/ISLAND/0.3na/CMAES/hh_pas_surrogate.
NEURON mechanisms not found in /home/nest/Documents/TESTS/HH/PYGMO/ISLAND/0.3na/CMAES/hh_pas_surrogate.
PYGMO FITNES
NEURON mechanisms not found in /home/nest/Documents/TESTS/HH/PYGMO/ISLAND/0.3na/CMAES/hh_pas_surrogate.
NEURON mechanisms not found in /home/nest/Documents/TESTS/HH/PYGMO/ISLAND/0.3na/CMAES/hh_pas_surrogate.
PYGMO FITNES
NEURON mechanisms not found in /home/nest/Documents/TESTS/HH/PYGMO/ISLAND/0.3na/CMAES/hh_pas_surrogate.
NEURON mechanisms not found in /home/nest/Documents/TESTS/HH/PYGMO/ISLAND/0.3na/CMAES/hh_pas_surrogate.
PYGMO FITNES
NEURON mechanisms not found in /home/nest/Documents/TESTS/HH/PYGMO/ISLAND/0.3na/CMAES/hh_pas_surrogate.
NEURON mechanisms not found in /home/nest/Documents/TESTS/HH/PYGMO/ISLAND/0.3na/CMAES/hh_pas_surrogate.
PYGMO FITNES
NEURON mechanisms not found in /home/nest/Documents/TESTS/HH/PYGMO/ISLAND/0.3na/CMAES/hh_pas_surrogate.
NEURON mechanisms not found in /home/nest/Documents/TESTS/HH/PYGMO/ISLAND/0.3na/CMAES/hh_pas_surrogate.
PYGMO FITNES
NEURON mechanisms not found in /home/nest/Documents/TESTS/HH/PYGMO/ISLAND/0.3na/CMAES/hh_pas_surrogate.
NEURON mechanisms not found in /home/nest/Documents/TESTS/HH/PYGMO/ISLAND/0.3na/CMAES/hh_pas_surrogate.
PYGMO FITNES
NEURON mechanisms not found in /home/nest/Documents/TESTS/HH/PYGMO/ISLAND/0.3na/CMAES/hh_pas_surrogate.
NEURON mechanisms not found in /home/nest/Documents/TESTS/HH/PYGMO/ISLAND/0.3na/CMAES/hh_pas_surrogate.
PYGMO FITNES
NEURON mechanisms not found in /home/nest/Documents/TESTS/HH/PYGMO/ISLAND/0.3na/CMAES/hh_pas_surrogate.
NEURON mechanisms not found in /home/nest/Documents/TESTS/HH/PYGMO/ISLAND/0.3na/CMAES/hh_pas_surrogate.
PYGMO FITNES
NEURON mechanisms not found in /home/nest/Documents/TESTS/HH/PYGMO/ISLAND/0.3na/CMAES/hh_pas_surrogate.
NEURON mechanisms not found in /home/nest/Documents/TESTS/HH/PYGMO/ISLAND/0.3na/CMAES/hh_pas_surrogate.
PYGMO FITNES
NEURON mechanisms not found in /home/nest/Documents/TESTS/HH/PYGMO/ISLAND/0.3na/CMAES/hh_pas_surrogate.
NEURON mechanisms not found in /home/nest/Documents/TESTS/HH/PYGMO/ISLAND/0.3na/CMAES/hh_pas_surrogate.
PYGMO FITNES
NEURON mechanisms not found in /home/nest/Documents/TESTS/HH/PYGMO/ISLAND/0.3na/CMAES/hh_pas_surrogate.
NEURON mechanisms not found in /home/nest/Documents/TESTS/HH/PYGMO/ISLAND/0.3na/CMAES/hh_pas_surrogate.
PYGMO FITNES
NEURON mechanisms not found in /home/nest/Documents/TESTS/HH/PYGMO/ISLAND/0.3na/CMAES/hh_pas_surrogate.
NEURON mechanisms not found in /home/nest/Documents/TESTS/HH/PYGMO/ISLAND/0.3na/CMAES/hh_pas_surrogate.
PYGMO FITNES
NEURON mechanisms not found in /home/nest/Documents/TESTS/HH/PYGMO/ISLAND/0.3na/CMAES/hh_pas_surrogate.
NEURON mechanisms not found in /home/nest/Documents/TESTS/HH/PYGMO/ISLAND/0.3na/CMAES/hh_pas_surrogate.
PYGMO FITNES
NEURON mechanisms not found in /home/nest/Documents/TESTS/HH/PYGMO/ISLAND/0.3na/CMAES/hh_pas_surrogate.
NEURON mechanisms not found in /home/nest/Documents/TESTS/HH/PYGMO/ISLAND/0.3na/CMAES/hh_pas_surrogate.
PYGMO FITNES
NEURON mechanisms not found in /home/nest/Documents/TESTS/HH/PYGMO/ISLAND/0.3na/CMAES/hh_pas_surrogate.
NEURON mechanisms not found in /home/nest/Documents/TESTS/HH/PYGMO/ISLAND/0.3na/CMAES/hh_pas_surrogate.
PYGMO FITNES
NEURON mechanisms not found in /home/nest/Documents/TESTS/HH/PYGMO/ISLAND/0.3na/CMAES/hh_pas_surrogate.
NEURON mechanisms not found in /home/nest/Documents/TESTS/HH/PYGMO/ISLAND/0.3na/CMAES/hh_pas_surrogate.
PYGMO FITNES
NEURON mechanisms not found in /home/nest/Documents/TESTS/HH/PYGMO/ISLAND/0.3na/CMAES/hh_pas_surrogate.
NEURON mechanisms not found in /home/nest/Documents/TESTS/HH/PYGMO/ISLAND/0.3na/CMAES/hh_pas_surrogate.
PYGMO FITNES
NEURON mechanisms not found in /home/nest/Documents/TESTS/HH/PYGMO/ISLAND/0.3na/CMAES/hh_pas_surrogate.
NEURON mechanisms not found in /home/nest/Documents/TESTS/HH/PYGMO/ISLAND/0.3na/CMAES/hh_pas_surrogate.
PYGMO FITNES
NEURON mechanisms not found in /home/nest/Documents/TESTS/HH/PYGMO/ISLAND/0.3na/CMAES/hh_pas_surrogate.
NEURON mechanisms not found in /home/nest/Documents/TESTS/HH/PYGMO/ISLAND/0.3na/CMAES/hh_pas_surrogate.
PYGMO FITNES
NEURON mechanisms not found in /home/nest/Documents/TESTS/HH/PYGMO/ISLAND/0.3na/CMAES/hh_pas_surrogate.
NEURON mechanisms not found in /home/nest/Documents/TESTS/HH/PYGMO/ISLAND/0.3na/CMAES/hh_pas_surrogate.
NEURON mechanisms not found in /home/nest/Documents/TESTS/HH/PYGMO/ISLAND/0.3na/CMAES/hh_pas_surrogate.
PYGMO FITNES
NEURON mechanisms not found in /home/nest/Documents/TESTS/HH/PYGMO/ISLAND/0.3na/CMAES/hh_pas_surrogate.
NEURON mechanisms not found in /home/nest/Documents/TESTS/HH/PYGMO/ISLAND/0.3na/CMAES/hh_pas_surrogate.
PYGMO FITNES
NEURON mechanisms not found in /home/nest/Documents/TESTS/HH/PYGMO/ISLAND/0.3na/CMAES/hh_pas_surrogate.
NEURON mechanisms not found in /home/nest/Documents/TESTS/HH/PYGMO/ISLAND/0.3na/CMAES/hh_pas_surrogate.
PYGMO FITNES
NEURON mechanisms not found in /home/nest/Documents/TESTS/HH/PYGMO/ISLAND/0.3na/CMAES/hh_pas_surrogate.
NEURON mechanisms not found in /home/nest/Documents/TESTS/HH/PYGMO/ISLAND/0.3na/CMAES/hh_pas_surrogate.
PYGMO FITNES
NEURON mechanisms not found in /home/nest/Documents/TESTS/HH/PYGMO/ISLAND/0.3na/CMAES/hh_pas_surrogate.
NEURON mechanisms not found in /home/nest/Documents/TESTS/HH/PYGMO/ISLAND/0.3na/CMAES/hh_pas_surrogate.
PYGMO FITNES
NEURON mechanisms not found in /home/nest/Documents/TESTS/HH/PYGMO/ISLAND/0.3na/CMAES/hh_pas_surrogate.
NEURON mechanisms not found in /home/nest/Documents/TESTS/HH/PYGMO/ISLAND/0.3na/CMAES/hh_pas_surrogate.
PYGMO FITNES
NEURON mechanisms not found in /home/nest/Documents/TESTS/HH/PYGMO/ISLAND/0.3na/CMAES/hh_pas_surrogate.
NEURON mechanisms not found in /home/nest/Documents/TESTS/HH/PYGMO/ISLAND/0.3na/CMAES/hh_pas_surrogate.
PYGMO FITNES
NEURON mechanisms not found in /home/nest/Documents/TESTS/HH/PYGMO/ISLAND/0.3na/CMAES/hh_pas_surrogate.
NEURON mechanisms not found in /home/nest/Documents/TESTS/HH/PYGMO/ISLAND/0.3na/CMAES/hh_pas_surrogate.
PYGMO FITNES
NEURON mechanisms not found in /home/nest/Documents/TESTS/HH/PYGMO/ISLAND/0.3na/CMAES/hh_pas_surrogate.
NEURON mechanisms not found in /home/nest/Documents/TESTS/HH/PYGMO/ISLAND/0.3na/CMAES/hh_pas_surrogate.
PYGMO FITNES
NEURON mechanisms not found in /home/nest/Documents/TESTS/HH/PYGMO/ISLAND/0.3na/CMAES/hh_pas_surrogate.
NEURON mechanisms not found in /home/nest/Documents/TESTS/HH/PYGMO/ISLAND/0.3na/CMAES/hh_pas_surrogate.
PYGMO FITNES
NEURON mechanisms not found in /home/nest/Documents/TESTS/HH/PYGMO/ISLAND/0.3na/CMAES/hh_pas_surrogate.
NEURON mechanisms not found in /home/nest/Documents/TESTS/HH/PYGMO/ISLAND/0.3na/CMAES/hh_pas_surrogate.
PYGMO FITNES
NEURON mechanisms not found in /home/nest/Documents/TESTS/HH/PYGMO/ISLAND/0.3na/CMAES/hh_pas_surrogate.
NEURON mechanisms not found in /home/nest/Documents/TESTS/HH/PYGMO/ISLAND/0.3na/CMAES/hh_pas_surrogate.
PYGMO FITNES
NEURON mechanisms not found in /home/nest/Documents/TESTS/HH/PYGMO/ISLAND/0.3na/CMAES/hh_pas_surrogate.
NEURON mechanisms not found in /home/nest/Documents/TESTS/HH/PYGMO/ISLAND/0.3na/CMAES/hh_pas_surrogate.
PYGMO FITNES
NEURON mechanisms not found in /home/nest/Documents/TESTS/HH/PYGMO/ISLAND/0.3na/CMAES/hh_pas_surrogate.
NEURON mechanisms not found in /home/nest/Documents/TESTS/HH/PYGMO/ISLAND/0.3na/CMAES/hh_pas_surrogate.
PYGMO FITNES
NEURON mechanisms not found in /home/nest/Documents/TESTS/HH/PYGMO/ISLAND/0.3na/CMAES/hh_pas_surrogate.
NEURON mechanisms not found in /home/nest/Documents/TESTS/HH/PYGMO/ISLAND/0.3na/CMAES/hh_pas_surrogate.
PYGMO FITNES
NEURON mechanisms not found in /home/nest/Documents/TESTS/HH/PYGMO/ISLAND/0.3na/CMAES/hh_pas_surrogate.
NEURON mechanisms not found in /home/nest/Documents/TESTS/HH/PYGMO/ISLAND/0.3na/CMAES/hh_pas_surrogate.
PYGMO FITNES
NEURON mechanisms not found in /home/nest/Documents/TESTS/HH/PYGMO/ISLAND/0.3na/CMAES/hh_pas_surrogate.
NEURON mechanisms not found in /home/nest/Documents/TESTS/HH/PYGMO/ISLAND/0.3na/CMAES/hh_pas_surrogate.
PYGMO FITNES
NEURON mechanisms not found in /home/nest/Documents/TESTS/HH/PYGMO/ISLAND/0.3na/CMAES/hh_pas_surrogate.
NEURON mechanisms not found in /home/nest/Documents/TESTS/HH/PYGMO/ISLAND/0.3na/CMAES/hh_pas_surrogate.
PYGMO FITNES
NEURON mechanisms not found in /home/nest/Documents/TESTS/HH/PYGMO/ISLAND/0.3na/CMAES/hh_pas_surrogate.
NEURON mechanisms not found in /home/nest/Documents/TESTS/HH/PYGMO/ISLAND/0.3na/CMAES/hh_pas_surrogate.
PYGMO FITNES
NEURON mechanisms not found in /home/nest/Documents/TESTS/HH/PYGMO/ISLAND/0.3na/CMAES/hh_pas_surrogate.
NEURON mechanisms not found in /home/nest/Documents/TESTS/HH/PYGMO/ISLAND/0.3na/CMAES/hh_pas_surrogate.
PYGMO FITNES
NEURON mechanisms not found in /home/nest/Documents/TESTS/HH/PYGMO/ISLAND/0.3na/CMAES/hh_pas_surrogate.
NEURON mechanisms not found in /home/nest/Documents/TESTS/HH/PYGMO/ISLAND/0.3na/CMAES/hh_pas_surrogate.
PYGMO FITNES
NEURON mechanisms not found in /home/nest/Documents/TESTS/HH/PYGMO/ISLAND/0.3na/CMAES/hh_pas_surrogate.
NEURON mechanisms not found in /home/nest/Documents/TESTS/HH/PYGMO/ISLAND/0.3na/CMAES/hh_pas_surrogate.
PYGMO FITNES
NEURON mechanisms not found in /home/nest/Documents/TESTS/HH/PYGMO/ISLAND/0.3na/CMAES/hh_pas_surrogate.
NEURON mechanisms not found in /home/nest/Documents/TESTS/HH/PYGMO/ISLAND/0.3na/CMAES/hh_pas_surrogate.
PYGMO FITNES
NEURON mechanisms not found in /home/nest/Documents/TESTS/HH/PYGMO/ISLAND/0.3na/CMAES/hh_pas_surrogate.
NEURON mechanisms not found in /home/nest/Documents/TESTS/HH/PYGMO/ISLAND/0.3na/CMAES/hh_pas_surrogate.
PYGMO FITNES
NEURON mechanisms not found in /home/nest/Documents/TESTS/HH/PYGMO/ISLAND/0.3na/CMAES/hh_pas_surrogate.
NEURON mechanisms not found in /home/nest/Documents/TESTS/HH/PYGMO/ISLAND/0.3na/CMAES/hh_pas_surrogate.
PYGMO FITNES
NEURON mechanisms not found in /home/nest/Documents/TESTS/HH/PYGMO/ISLAND/0.3na/CMAES/hh_pas_surrogate.
NEURON mechanisms not found in /home/nest/Documents/TESTS/HH/PYGMO/ISLAND/0.3na/CMAES/hh_pas_surrogate.
PYGMO FITNES
NEURON mechanisms not found in /home/nest/Documents/TESTS/HH/PYGMO/ISLAND/0.3na/CMAES/hh_pas_surrogate.
NEURON mechanisms not found in /home/nest/Documents/TESTS/HH/PYGMO/ISLAND/0.3na/CMAES/hh_pas_surrogate.
PYGMO FITNES
NEURON mechanisms not found in /home/nest/Documents/TESTS/HH/PYGMO/ISLAND/0.3na/CMAES/hh_pas_surrogate.
NEURON mechanisms not found in /home/nest/Documents/TESTS/HH/PYGMO/ISLAND/0.3na/CMAES/hh_pas_surrogate.
PYGMO FITNES
NEURON mechanisms not found in /home/nest/Documents/TESTS/HH/PYGMO/ISLAND/0.3na/CMAES/hh_pas_surrogate.
NEURON mechanisms not found in /home/nest/Documents/TESTS/HH/PYGMO/ISLAND/0.3na/CMAES/hh_pas_surrogate.
PYGMO FITNES
NEURON mechanisms not found in /home/nest/Documents/TESTS/HH/PYGMO/ISLAND/0.3na/CMAES/hh_pas_surrogate.
NEURON mechanisms not found in /home/nest/Documents/TESTS/HH/PYGMO/ISLAND/0.3na/CMAES/hh_pas_surrogate.
PYGMO FITNES
NEURON mechanisms not found in /home/nest/Documents/TESTS/HH/PYGMO/ISLAND/0.3na/CMAES/hh_pas_surrogate.
NEURON mechanisms not found in /home/nest/Documents/TESTS/HH/PYGMO/ISLAND/0.3na/CMAES/hh_pas_surrogate.
PYGMO FITNES
NEURON mechanisms not found in /home/nest/Documents/TESTS/HH/PYGMO/ISLAND/0.3na/CMAES/hh_pas_surrogate.
NEURON mechanisms not found in /home/nest/Documents/TESTS/HH/PYGMO/ISLAND/0.3na/CMAES/hh_pas_surrogate.
PYGMO FITNES
NEURON mechanisms not found in /home/nest/Documents/TESTS/HH/PYGMO/ISLAND/0.3na/CMAES/hh_pas_surrogate.
NEURON mechanisms not found in /home/nest/Documents/TESTS/HH/PYGMO/ISLAND/0.3na/CMAES/hh_pas_surrogate.
PYGMO FITNES
NEURON mechanisms not found in /home/nest/Documents/TESTS/HH/PYGMO/ISLAND/0.3na/CMAES/hh_pas_surrogate.
NEURON mechanisms not found in /home/nest/Documents/TESTS/HH/PYGMO/ISLAND/0.3na/CMAES/hh_pas_surrogate.
PYGMO FITNES
NEURON mechanisms not found in /home/nest/Documents/TESTS/HH/PYGMO/ISLAND/0.3na/CMAES/hh_pas_surrogate.
NEURON mechanisms not found in /home/nest/Documents/TESTS/HH/PYGMO/ISLAND/0.3na/CMAES/hh_pas_surrogate.
PYGMO FITNES
NEURON mechanisms not found in /home/nest/Documents/TESTS/HH/PYGMO/ISLAND/0.3na/CMAES/hh_pas_surrogate.
NEURON mechanisms not found in /home/nest/Documents/TESTS/HH/PYGMO/ISLAND/0.3na/CMAES/hh_pas_surrogate.
PYGMO FITNES
NEURON mechanisms not found in /home/nest/Documents/TESTS/HH/PYGMO/ISLAND/0.3na/CMAES/hh_pas_surrogate.
NEURON mechanisms not found in /home/nest/Documents/TESTS/HH/PYGMO/ISLAND/0.3na/CMAES/hh_pas_surrogate.
PYGMO FITNES
NEURON mechanisms not found in /home/nest/Documents/TESTS/HH/PYGMO/ISLAND/0.3na/CMAES/hh_pas_surrogate.
NEURON mechanisms not found in /home/nest/Documents/TESTS/HH/PYGMO/ISLAND/0.3na/CMAES/hh_pas_surrogate.
NEURON mechanisms not found in /home/nest/Documents/TESTS/HH/PYGMO/ISLAND/0.3na/CMAES/hh_pas_surrogate.
PYGMO FITNES
NEURON mechanisms not found in /home/nest/Documents/TESTS/HH/PYGMO/ISLAND/0.3na/CMAES/hh_pas_surrogate.
NEURON mechanisms not found in /home/nest/Documents/TESTS/HH/PYGMO/ISLAND/0.3na/CMAES/hh_pas_surrogate.
PYGMO FITNES
NEURON mechanisms not found in /home/nest/Documents/TESTS/HH/PYGMO/ISLAND/0.3na/CMAES/hh_pas_surrogate.
NEURON mechanisms not found in /home/nest/Documents/TESTS/HH/PYGMO/ISLAND/0.3na/CMAES/hh_pas_surrogate.
PYGMO FITNES
NEURON mechanisms not found in /home/nest/Documents/TESTS/HH/PYGMO/ISLAND/0.3na/CMAES/hh_pas_surrogate.
NEURON mechanisms not found in /home/nest/Documents/TESTS/HH/PYGMO/ISLAND/0.3na/CMAES/hh_pas_surrogate.
PYGMO FITNES
NEURON mechanisms not found in /home/nest/Documents/TESTS/HH/PYGMO/ISLAND/0.3na/CMAES/hh_pas_surrogate.
NEURON mechanisms not found in /home/nest/Documents/TESTS/HH/PYGMO/ISLAND/0.3na/CMAES/hh_pas_surrogate.
PYGMO FITNES
NEURON mechanisms not found in /home/nest/Documents/TESTS/HH/PYGMO/ISLAND/0.3na/CMAES/hh_pas_surrogate.
NEURON mechanisms not found in /home/nest/Documents/TESTS/HH/PYGMO/ISLAND/0.3na/CMAES/hh_pas_surrogate.
PYGMO FITNES
NEURON mechanisms not found in /home/nest/Documents/TESTS/HH/PYGMO/ISLAND/0.3na/CMAES/hh_pas_surrogate.
NEURON mechanisms not found in /home/nest/Documents/TESTS/HH/PYGMO/ISLAND/0.3na/CMAES/hh_pas_surrogate.
PYGMO FITNES
NEURON mechanisms not found in /home/nest/Documents/TESTS/HH/PYGMO/ISLAND/0.3na/CMAES/hh_pas_surrogate.
NEURON mechanisms not found in /home/nest/Documents/TESTS/HH/PYGMO/ISLAND/0.3na/CMAES/hh_pas_surrogate.
PYGMO FITNES
NEURON mechanisms not found in /home/nest/Documents/TESTS/HH/PYGMO/ISLAND/0.3na/CMAES/hh_pas_surrogate.
NEURON mechanisms not found in /home/nest/Documents/TESTS/HH/PYGMO/ISLAND/0.3na/CMAES/hh_pas_surrogate.
PYGMO FITNES
NEURON mechanisms not found in /home/nest/Documents/TESTS/HH/PYGMO/ISLAND/0.3na/CMAES/hh_pas_surrogate.
NEURON mechanisms not found in /home/nest/Documents/TESTS/HH/PYGMO/ISLAND/0.3na/CMAES/hh_pas_surrogate.
PYGMO FITNES
NEURON mechanisms not found in /home/nest/Documents/TESTS/HH/PYGMO/ISLAND/0.3na/CMAES/hh_pas_surrogate.
NEURON mechanisms not found in /home/nest/Documents/TESTS/HH/PYGMO/ISLAND/0.3na/CMAES/hh_pas_surrogate.
PYGMO FITNES
NEURON mechanisms not found in /home/nest/Documents/TESTS/HH/PYGMO/ISLAND/0.3na/CMAES/hh_pas_surrogate.
NEURON mechanisms not found in /home/nest/Documents/TESTS/HH/PYGMO/ISLAND/0.3na/CMAES/hh_pas_surrogate.
PYGMO FITNES
NEURON mechanisms not found in /home/nest/Documents/TESTS/HH/PYGMO/ISLAND/0.3na/CMAES/hh_pas_surrogate.
NEURON mechanisms not found in /home/nest/Documents/TESTS/HH/PYGMO/ISLAND/0.3na/CMAES/hh_pas_surrogate.
PYGMO FITNES
NEURON mechanisms not found in /home/nest/Documents/TESTS/HH/PYGMO/ISLAND/0.3na/CMAES/hh_pas_surrogate.
NEURON mechanisms not found in /home/nest/Documents/TESTS/HH/PYGMO/ISLAND/0.3na/CMAES/hh_pas_surrogate.
PYGMO FITNES
NEURON mechanisms not found in /home/nest/Documents/TESTS/HH/PYGMO/ISLAND/0.3na/CMAES/hh_pas_surrogate.
NEURON mechanisms not found in /home/nest/Documents/TESTS/HH/PYGMO/ISLAND/0.3na/CMAES/hh_pas_surrogate.
PYGMO FITNES
NEURON mechanisms not found in /home/nest/Documents/TESTS/HH/PYGMO/ISLAND/0.3na/CMAES/hh_pas_surrogate.
NEURON mechanisms not found in /home/nest/Documents/TESTS/HH/PYGMO/ISLAND/0.3na/CMAES/hh_pas_surrogate.
PYGMO FITNES
NEURON mechanisms not found in /home/nest/Documents/TESTS/HH/PYGMO/ISLAND/0.3na/CMAES/hh_pas_surrogate.
NEURON mechanisms not found in /home/nest/Documents/TESTS/HH/PYGMO/ISLAND/0.3na/CMAES/hh_pas_surrogate.
PYGMO FITNES
NEURON mechanisms not found in /home/nest/Documents/TESTS/HH/PYGMO/ISLAND/0.3na/CMAES/hh_pas_surrogate.
NEURON mechanisms not found in /home/nest/Documents/TESTS/HH/PYGMO/ISLAND/0.3na/CMAES/hh_pas_surrogate.
PYGMO FITNES
NEURON mechanisms not found in /home/nest/Documents/TESTS/HH/PYGMO/ISLAND/0.3na/CMAES/hh_pas_surrogate.
NEURON mechanisms not found in /home/nest/Documents/TESTS/HH/PYGMO/ISLAND/0.3na/CMAES/hh_pas_surrogate.
PYGMO FITNES
NEURON mechanisms not found in /home/nest/Documents/TESTS/HH/PYGMO/ISLAND/0.3na/CMAES/hh_pas_surrogate.
NEURON mechanisms not found in /home/nest/Documents/TESTS/HH/PYGMO/ISLAND/0.3na/CMAES/hh_pas_surrogate.
PYGMO FITNES
NEURON mechanisms not found in /home/nest/Documents/TESTS/HH/PYGMO/ISLAND/0.3na/CMAES/hh_pas_surrogate.
NEURON mechanisms not found in /home/nest/Documents/TESTS/HH/PYGMO/ISLAND/0.3na/CMAES/hh_pas_surrogate.
PYGMO FITNES
NEURON mechanisms not found in /home/nest/Documents/TESTS/HH/PYGMO/ISLAND/0.3na/CMAES/hh_pas_surrogate.
NEURON mechanisms not found in /home/nest/Documents/TESTS/HH/PYGMO/ISLAND/0.3na/CMAES/hh_pas_surrogate.
PYGMO FITNES
NEURON mechanisms not found in /home/nest/Documents/TESTS/HH/PYGMO/ISLAND/0.3na/CMAES/hh_pas_surrogate.
NEURON mechanisms not found in /home/nest/Documents/TESTS/HH/PYGMO/ISLAND/0.3na/CMAES/hh_pas_surrogate.
PYGMO FITNES
NEURON mechanisms not found in /home/nest/Documents/TESTS/HH/PYGMO/ISLAND/0.3na/CMAES/hh_pas_surrogate.
NEURON mechanisms not found in /home/nest/Documents/TESTS/HH/PYGMO/ISLAND/0.3na/CMAES/hh_pas_surrogate.
PYGMO FITNES
NEURON mechanisms not found in /home/nest/Documents/TESTS/HH/PYGMO/ISLAND/0.3na/CMAES/hh_pas_surrogate.
NEURON mechanisms not found in /home/nest/Documents/TESTS/HH/PYGMO/ISLAND/0.3na/CMAES/hh_pas_surrogate.
PYGMO FITNES
NEURON mechanisms not found in /home/nest/Documents/TESTS/HH/PYGMO/ISLAND/0.3na/CMAES/hh_pas_surrogate.
NEURON mechanisms not found in /home/nest/Documents/TESTS/HH/PYGMO/ISLAND/0.3na/CMAES/hh_pas_surrogate.
PYGMO FITNES
NEURON mechanisms not found in /home/nest/Documents/TESTS/HH/PYGMO/ISLAND/0.3na/CMAES/hh_pas_surrogate.
NEURON mechanisms not found in /home/nest/Documents/TESTS/HH/PYGMO/ISLAND/0.3na/CMAES/hh_pas_surrogate.
PYGMO FITNES
NEURON mechanisms not found in /home/nest/Documents/TESTS/HH/PYGMO/ISLAND/0.3na/CMAES/hh_pas_surrogate.
NEURON mechanisms not found in /home/nest/Documents/TESTS/HH/PYGMO/ISLAND/0.3na/CMAES/hh_pas_surrogate.
PYGMO FITNES
NEURON mechanisms not found in /home/nest/Documents/TESTS/HH/PYGMO/ISLAND/0.3na/CMAES/hh_pas_surrogate.
NEURON mechanisms not found in /home/nest/Documents/TESTS/HH/PYGMO/ISLAND/0.3na/CMAES/hh_pas_surrogate.
PYGMO FITNES
NEURON mechanisms not found in /home/nest/Documents/TESTS/HH/PYGMO/ISLAND/0.3na/CMAES/hh_pas_surrogate.
NEURON mechanisms not found in /home/nest/Documents/TESTS/HH/PYGMO/ISLAND/0.3na/CMAES/hh_pas_surrogate.
PYGMO FITNES
NEURON mechanisms not found in /home/nest/Documents/TESTS/HH/PYGMO/ISLAND/0.3na/CMAES/hh_pas_surrogate.
NEURON mechanisms not found in /home/nest/Documents/TESTS/HH/PYGMO/ISLAND/0.3na/CMAES/hh_pas_surrogate.
PYGMO FITNES
NEURON mechanisms not found in /home/nest/Documents/TESTS/HH/PYGMO/ISLAND/0.3na/CMAES/hh_pas_surrogate.
NEURON mechanisms not found in /home/nest/Documents/TESTS/HH/PYGMO/ISLAND/0.3na/CMAES/hh_pas_surrogate.
PYGMO FITNES
NEURON mechanisms not found in /home/nest/Documents/TESTS/HH/PYGMO/ISLAND/0.3na/CMAES/hh_pas_surrogate.
NEURON mechanisms not found in /home/nest/Documents/TESTS/HH/PYGMO/ISLAND/0.3na/CMAES/hh_pas_surrogate.
PYGMO FITNES
NEURON mechanisms not found in /home/nest/Documents/TESTS/HH/PYGMO/ISLAND/0.3na/CMAES/hh_pas_surrogate.
NEURON mechanisms not found in /home/nest/Documents/TESTS/HH/PYGMO/ISLAND/0.3na/CMAES/hh_pas_surrogate.
PYGMO FITNES
NEURON mechanisms not found in /home/nest/Documents/TESTS/HH/PYGMO/ISLAND/0.3na/CMAES/hh_pas_surrogate.
NEURON mechanisms not found in /home/nest/Documents/TESTS/HH/PYGMO/ISLAND/0.3na/CMAES/hh_pas_surrogate.
PYGMO FITNES
NEURON mechanisms not found in /home/nest/Documents/TESTS/HH/PYGMO/ISLAND/0.3na/CMAES/hh_pas_surrogate.
NEURON mechanisms not found in /home/nest/Documents/TESTS/HH/PYGMO/ISLAND/0.3na/CMAES/hh_pas_surrogate.
PYGMO FITNES
NEURON mechanisms not found in /home/nest/Documents/TESTS/HH/PYGMO/ISLAND/0.3na/CMAES/hh_pas_surrogate.
NEURON mechanisms not found in /home/nest/Documents/TESTS/HH/PYGMO/ISLAND/0.3na/CMAES/hh_pas_surrogate.
PYGMO FITNES
NEURON mechanisms not found in /home/nest/Documents/TESTS/HH/PYGMO/ISLAND/0.3na/CMAES/hh_pas_surrogate.
NEURON mechanisms not found in /home/nest/Documents/TESTS/HH/PYGMO/ISLAND/0.3na/CMAES/hh_pas_surrogate.
NEURON mechanisms not found in /home/nest/Documents/TESTS/HH/PYGMO/ISLAND/0.3na/CMAES/hh_pas_surrogate.
PYGMO FITNES
NEURON mechanisms not found in /home/nest/Documents/TESTS/HH/PYGMO/ISLAND/0.3na/CMAES/hh_pas_surrogate.
NEURON mechanisms not found in /home/nest/Documents/TESTS/HH/PYGMO/ISLAND/0.3na/CMAES/hh_pas_surrogate.
PYGMO FITNES
NEURON mechanisms not found in /home/nest/Documents/TESTS/HH/PYGMO/ISLAND/0.3na/CMAES/hh_pas_surrogate.
NEURON mechanisms not found in /home/nest/Documents/TESTS/HH/PYGMO/ISLAND/0.3na/CMAES/hh_pas_surrogate.
PYGMO FITNES
NEURON mechanisms not found in /home/nest/Documents/TESTS/HH/PYGMO/ISLAND/0.3na/CMAES/hh_pas_surrogate.
NEURON mechanisms not found in /home/nest/Documents/TESTS/HH/PYGMO/ISLAND/0.3na/CMAES/hh_pas_surrogate.
PYGMO FITNES
NEURON mechanisms not found in /home/nest/Documents/TESTS/HH/PYGMO/ISLAND/0.3na/CMAES/hh_pas_surrogate.
NEURON mechanisms not found in /home/nest/Documents/TESTS/HH/PYGMO/ISLAND/0.3na/CMAES/hh_pas_surrogate.
PYGMO FITNES
NEURON mechanisms not found in /home/nest/Documents/TESTS/HH/PYGMO/ISLAND/0.3na/CMAES/hh_pas_surrogate.
NEURON mechanisms not found in /home/nest/Documents/TESTS/HH/PYGMO/ISLAND/0.3na/CMAES/hh_pas_surrogate.
PYGMO FITNES
NEURON mechanisms not found in /home/nest/Documents/TESTS/HH/PYGMO/ISLAND/0.3na/CMAES/hh_pas_surrogate.
NEURON mechanisms not found in /home/nest/Documents/TESTS/HH/PYGMO/ISLAND/0.3na/CMAES/hh_pas_surrogate.
PYGMO FITNES
NEURON mechanisms not found in /home/nest/Documents/TESTS/HH/PYGMO/ISLAND/0.3na/CMAES/hh_pas_surrogate.
NEURON mechanisms not found in /home/nest/Documents/TESTS/HH/PYGMO/ISLAND/0.3na/CMAES/hh_pas_surrogate.
PYGMO FITNES
NEURON mechanisms not found in /home/nest/Documents/TESTS/HH/PYGMO/ISLAND/0.3na/CMAES/hh_pas_surrogate.
NEURON mechanisms not found in /home/nest/Documents/TESTS/HH/PYGMO/ISLAND/0.3na/CMAES/hh_pas_surrogate.
PYGMO FITNES
NEURON mechanisms not found in /home/nest/Documents/TESTS/HH/PYGMO/ISLAND/0.3na/CMAES/hh_pas_surrogate.
NEURON mechanisms not found in /home/nest/Documents/TESTS/HH/PYGMO/ISLAND/0.3na/CMAES/hh_pas_surrogate.
PYGMO FITNES
NEURON mechanisms not found in /home/nest/Documents/TESTS/HH/PYGMO/ISLAND/0.3na/CMAES/hh_pas_surrogate.
NEURON mechanisms not found in /home/nest/Documents/TESTS/HH/PYGMO/ISLAND/0.3na/CMAES/hh_pas_surrogate.
PYGMO FITNES
NEURON mechanisms not found in /home/nest/Documents/TESTS/HH/PYGMO/ISLAND/0.3na/CMAES/hh_pas_surrogate.
NEURON mechanisms not found in /home/nest/Documents/TESTS/HH/PYGMO/ISLAND/0.3na/CMAES/hh_pas_surrogate.
PYGMO FITNES
NEURON mechanisms not found in /home/nest/Documents/TESTS/HH/PYGMO/ISLAND/0.3na/CMAES/hh_pas_surrogate.
NEURON mechanisms not found in /home/nest/Documents/TESTS/HH/PYGMO/ISLAND/0.3na/CMAES/hh_pas_surrogate.
PYGMO FITNES
NEURON mechanisms not found in /home/nest/Documents/TESTS/HH/PYGMO/ISLAND/0.3na/CMAES/hh_pas_surrogate.
NEURON mechanisms not found in /home/nest/Documents/TESTS/HH/PYGMO/ISLAND/0.3na/CMAES/hh_pas_surrogate.
PYGMO FITNES
NEURON mechanisms not found in /home/nest/Documents/TESTS/HH/PYGMO/ISLAND/0.3na/CMAES/hh_pas_surrogate.
NEURON mechanisms not found in /home/nest/Documents/TESTS/HH/PYGMO/ISLAND/0.3na/CMAES/hh_pas_surrogate.
PYGMO FITNES
NEURON mechanisms not found in /home/nest/Documents/TESTS/HH/PYGMO/ISLAND/0.3na/CMAES/hh_pas_surrogate.
NEURON mechanisms not found in /home/nest/Documents/TESTS/HH/PYGMO/ISLAND/0.3na/CMAES/hh_pas_surrogate.
PYGMO FITNES
NEURON mechanisms not found in /home/nest/Documents/TESTS/HH/PYGMO/ISLAND/0.3na/CMAES/hh_pas_surrogate.
NEURON mechanisms not found in /home/nest/Documents/TESTS/HH/PYGMO/ISLAND/0.3na/CMAES/hh_pas_surrogate.
PYGMO FITNES
NEURON mechanisms not found in /home/nest/Documents/TESTS/HH/PYGMO/ISLAND/0.3na/CMAES/hh_pas_surrogate.
NEURON mechanisms not found in /home/nest/Documents/TESTS/HH/PYGMO/ISLAND/0.3na/CMAES/hh_pas_surrogate.
PYGMO FITNES
NEURON mechanisms not found in /home/nest/Documents/TESTS/HH/PYGMO/ISLAND/0.3na/CMAES/hh_pas_surrogate.
NEURON mechanisms not found in /home/nest/Documents/TESTS/HH/PYGMO/ISLAND/0.3na/CMAES/hh_pas_surrogate.
PYGMO FITNES
NEURON mechanisms not found in /home/nest/Documents/TESTS/HH/PYGMO/ISLAND/0.3na/CMAES/hh_pas_surrogate.
NEURON mechanisms not found in /home/nest/Documents/TESTS/HH/PYGMO/ISLAND/0.3na/CMAES/hh_pas_surrogate.
PYGMO FITNES
NEURON mechanisms not found in /home/nest/Documents/TESTS/HH/PYGMO/ISLAND/0.3na/CMAES/hh_pas_surrogate.
NEURON mechanisms not found in /home/nest/Documents/TESTS/HH/PYGMO/ISLAND/0.3na/CMAES/hh_pas_surrogate.
PYGMO FITNES
NEURON mechanisms not found in /home/nest/Documents/TESTS/HH/PYGMO/ISLAND/0.3na/CMAES/hh_pas_surrogate.
NEURON mechanisms not found in /home/nest/Documents/TESTS/HH/PYGMO/ISLAND/0.3na/CMAES/hh_pas_surrogate.
PYGMO FITNES
NEURON mechanisms not found in /home/nest/Documents/TESTS/HH/PYGMO/ISLAND/0.3na/CMAES/hh_pas_surrogate.
NEURON mechanisms not found in /home/nest/Documents/TESTS/HH/PYGMO/ISLAND/0.3na/CMAES/hh_pas_surrogate.
PYGMO FITNES
NEURON mechanisms not found in /home/nest/Documents/TESTS/HH/PYGMO/ISLAND/0.3na/CMAES/hh_pas_surrogate.
NEURON mechanisms not found in /home/nest/Documents/TESTS/HH/PYGMO/ISLAND/0.3na/CMAES/hh_pas_surrogate.
PYGMO FITNES
NEURON mechanisms not found in /home/nest/Documents/TESTS/HH/PYGMO/ISLAND/0.3na/CMAES/hh_pas_surrogate.
NEURON mechanisms not found in /home/nest/Documents/TESTS/HH/PYGMO/ISLAND/0.3na/CMAES/hh_pas_surrogate.
PYGMO FITNES
NEURON mechanisms not found in /home/nest/Documents/TESTS/HH/PYGMO/ISLAND/0.3na/CMAES/hh_pas_surrogate.
NEURON mechanisms not found in /home/nest/Documents/TESTS/HH/PYGMO/ISLAND/0.3na/CMAES/hh_pas_surrogate.
PYGMO FITNES
NEURON mechanisms not found in /home/nest/Documents/TESTS/HH/PYGMO/ISLAND/0.3na/CMAES/hh_pas_surrogate.
NEURON mechanisms not found in /home/nest/Documents/TESTS/HH/PYGMO/ISLAND/0.3na/CMAES/hh_pas_surrogate.
PYGMO FITNES
NEURON mechanisms not found in /home/nest/Documents/TESTS/HH/PYGMO/ISLAND/0.3na/CMAES/hh_pas_surrogate.
NEURON mechanisms not found in /home/nest/Documents/TESTS/HH/PYGMO/ISLAND/0.3na/CMAES/hh_pas_surrogate.
PYGMO FITNES
NEURON mechanisms not found in /home/nest/Documents/TESTS/HH/PYGMO/ISLAND/0.3na/CMAES/hh_pas_surrogate.
NEURON mechanisms not found in /home/nest/Documents/TESTS/HH/PYGMO/ISLAND/0.3na/CMAES/hh_pas_surrogate.
PYGMO FITNES
NEURON mechanisms not found in /home/nest/Documents/TESTS/HH/PYGMO/ISLAND/0.3na/CMAES/hh_pas_surrogate.
NEURON mechanisms not found in /home/nest/Documents/TESTS/HH/PYGMO/ISLAND/0.3na/CMAES/hh_pas_surrogate.
PYGMO FITNES
NEURON mechanisms not found in /home/nest/Documents/TESTS/HH/PYGMO/ISLAND/0.3na/CMAES/hh_pas_surrogate.
NEURON mechanisms not found in /home/nest/Documents/TESTS/HH/PYGMO/ISLAND/0.3na/CMAES/hh_pas_surrogate.
PYGMO FITNES
NEURON mechanisms not found in /home/nest/Documents/TESTS/HH/PYGMO/ISLAND/0.3na/CMAES/hh_pas_surrogate.
NEURON mechanisms not found in /home/nest/Documents/TESTS/HH/PYGMO/ISLAND/0.3na/CMAES/hh_pas_surrogate.
PYGMO FITNES
NEURON mechanisms not found in /home/nest/Documents/TESTS/HH/PYGMO/ISLAND/0.3na/CMAES/hh_pas_surrogate.
NEURON mechanisms not found in /home/nest/Documents/TESTS/HH/PYGMO/ISLAND/0.3na/CMAES/hh_pas_surrogate.
PYGMO FITNES
NEURON mechanisms not found in /home/nest/Documents/TESTS/HH/PYGMO/ISLAND/0.3na/CMAES/hh_pas_surrogate.
NEURON mechanisms not found in /home/nest/Documents/TESTS/HH/PYGMO/ISLAND/0.3na/CMAES/hh_pas_surrogate.
PYGMO FITNES
NEURON mechanisms not found in /home/nest/Documents/TESTS/HH/PYGMO/ISLAND/0.3na/CMAES/hh_pas_surrogate.
NEURON mechanisms not found in /home/nest/Documents/TESTS/HH/PYGMO/ISLAND/0.3na/CMAES/hh_pas_surrogate.
PYGMO FITNES
NEURON mechanisms not found in /home/nest/Documents/TESTS/HH/PYGMO/ISLAND/0.3na/CMAES/hh_pas_surrogate.
NEURON mechanisms not found in /home/nest/Documents/TESTS/HH/PYGMO/ISLAND/0.3na/CMAES/hh_pas_surrogate.
PYGMO FITNES
NEURON mechanisms not found in /home/nest/Documents/TESTS/HH/PYGMO/ISLAND/0.3na/CMAES/hh_pas_surrogate.
NEURON mechanisms not found in /home/nest/Documents/TESTS/HH/PYGMO/ISLAND/0.3na/CMAES/hh_pas_surrogate.
PYGMO FITNES
NEURON mechanisms not found in /home/nest/Documents/TESTS/HH/PYGMO/ISLAND/0.3na/CMAES/hh_pas_surrogate.
NEURON mechanisms not found in /home/nest/Documents/TESTS/HH/PYGMO/ISLAND/0.3na/CMAES/hh_pas_surrogate.
NEURON mechanisms not found in /home/nest/Documents/TESTS/HH/PYGMO/ISLAND/0.3na/CMAES/hh_pas_surrogate.
PYGMO FITNES
NEURON mechanisms not found in /home/nest/Documents/TESTS/HH/PYGMO/ISLAND/0.3na/CMAES/hh_pas_surrogate.
NEURON mechanisms not found in /home/nest/Documents/TESTS/HH/PYGMO/ISLAND/0.3na/CMAES/hh_pas_surrogate.
PYGMO FITNES
NEURON mechanisms not found in /home/nest/Documents/TESTS/HH/PYGMO/ISLAND/0.3na/CMAES/hh_pas_surrogate.
NEURON mechanisms not found in /home/nest/Documents/TESTS/HH/PYGMO/ISLAND/0.3na/CMAES/hh_pas_surrogate.
PYGMO FITNES
NEURON mechanisms not found in /home/nest/Documents/TESTS/HH/PYGMO/ISLAND/0.3na/CMAES/hh_pas_surrogate.
NEURON mechanisms not found in /home/nest/Documents/TESTS/HH/PYGMO/ISLAND/0.3na/CMAES/hh_pas_surrogate.
PYGMO FITNES
NEURON mechanisms not found in /home/nest/Documents/TESTS/HH/PYGMO/ISLAND/0.3na/CMAES/hh_pas_surrogate.
NEURON mechanisms not found in /home/nest/Documents/TESTS/HH/PYGMO/ISLAND/0.3na/CMAES/hh_pas_surrogate.
PYGMO FITNES
NEURON mechanisms not found in /home/nest/Documents/TESTS/HH/PYGMO/ISLAND/0.3na/CMAES/hh_pas_surrogate.
NEURON mechanisms not found in /home/nest/Documents/TESTS/HH/PYGMO/ISLAND/0.3na/CMAES/hh_pas_surrogate.
PYGMO FITNES
NEURON mechanisms not found in /home/nest/Documents/TESTS/HH/PYGMO/ISLAND/0.3na/CMAES/hh_pas_surrogate.
NEURON mechanisms not found in /home/nest/Documents/TESTS/HH/PYGMO/ISLAND/0.3na/CMAES/hh_pas_surrogate.
PYGMO FITNES
NEURON mechanisms not found in /home/nest/Documents/TESTS/HH/PYGMO/ISLAND/0.3na/CMAES/hh_pas_surrogate.
NEURON mechanisms not found in /home/nest/Documents/TESTS/HH/PYGMO/ISLAND/0.3na/CMAES/hh_pas_surrogate.
PYGMO FITNES
NEURON mechanisms not found in /home/nest/Documents/TESTS/HH/PYGMO/ISLAND/0.3na/CMAES/hh_pas_surrogate.
NEURON mechanisms not found in /home/nest/Documents/TESTS/HH/PYGMO/ISLAND/0.3na/CMAES/hh_pas_surrogate.
PYGMO FITNES
NEURON mechanisms not found in /home/nest/Documents/TESTS/HH/PYGMO/ISLAND/0.3na/CMAES/hh_pas_surrogate.
NEURON mechanisms not found in /home/nest/Documents/TESTS/HH/PYGMO/ISLAND/0.3na/CMAES/hh_pas_surrogate.
PYGMO FITNES
NEURON mechanisms not found in /home/nest/Documents/TESTS/HH/PYGMO/ISLAND/0.3na/CMAES/hh_pas_surrogate.
NEURON mechanisms not found in /home/nest/Documents/TESTS/HH/PYGMO/ISLAND/0.3na/CMAES/hh_pas_surrogate.
PYGMO FITNES
NEURON mechanisms not found in /home/nest/Documents/TESTS/HH/PYGMO/ISLAND/0.3na/CMAES/hh_pas_surrogate.
NEURON mechanisms not found in /home/nest/Documents/TESTS/HH/PYGMO/ISLAND/0.3na/CMAES/hh_pas_surrogate.
PYGMO FITNES
NEURON mechanisms not found in /home/nest/Documents/TESTS/HH/PYGMO/ISLAND/0.3na/CMAES/hh_pas_surrogate.
NEURON mechanisms not found in /home/nest/Documents/TESTS/HH/PYGMO/ISLAND/0.3na/CMAES/hh_pas_surrogate.
PYGMO FITNES
NEURON mechanisms not found in /home/nest/Documents/TESTS/HH/PYGMO/ISLAND/0.3na/CMAES/hh_pas_surrogate.
NEURON mechanisms not found in /home/nest/Documents/TESTS/HH/PYGMO/ISLAND/0.3na/CMAES/hh_pas_surrogate.
PYGMO FITNES
NEURON mechanisms not found in /home/nest/Documents/TESTS/HH/PYGMO/ISLAND/0.3na/CMAES/hh_pas_surrogate.
NEURON mechanisms not found in /home/nest/Documents/TESTS/HH/PYGMO/ISLAND/0.3na/CMAES/hh_pas_surrogate.
PYGMO FITNES
NEURON mechanisms not found in /home/nest/Documents/TESTS/HH/PYGMO/ISLAND/0.3na/CMAES/hh_pas_surrogate.
NEURON mechanisms not found in /home/nest/Documents/TESTS/HH/PYGMO/ISLAND/0.3na/CMAES/hh_pas_surrogate.
PYGMO FITNES
NEURON mechanisms not found in /home/nest/Documents/TESTS/HH/PYGMO/ISLAND/0.3na/CMAES/hh_pas_surrogate.
NEURON mechanisms not found in /home/nest/Documents/TESTS/HH/PYGMO/ISLAND/0.3na/CMAES/hh_pas_surrogate.
PYGMO FITNES
NEURON mechanisms not found in /home/nest/Documents/TESTS/HH/PYGMO/ISLAND/0.3na/CMAES/hh_pas_surrogate.
NEURON mechanisms not found in /home/nest/Documents/TESTS/HH/PYGMO/ISLAND/0.3na/CMAES/hh_pas_surrogate.
PYGMO FITNES
NEURON mechanisms not found in /home/nest/Documents/TESTS/HH/PYGMO/ISLAND/0.3na/CMAES/hh_pas_surrogate.
NEURON mechanisms not found in /home/nest/Documents/TESTS/HH/PYGMO/ISLAND/0.3na/CMAES/hh_pas_surrogate.
PYGMO FITNES
NEURON mechanisms not found in /home/nest/Documents/TESTS/HH/PYGMO/ISLAND/0.3na/CMAES/hh_pas_surrogate.
NEURON mechanisms not found in /home/nest/Documents/TESTS/HH/PYGMO/ISLAND/0.3na/CMAES/hh_pas_surrogate.
PYGMO FITNES
NEURON mechanisms not found in /home/nest/Documents/TESTS/HH/PYGMO/ISLAND/0.3na/CMAES/hh_pas_surrogate.
NEURON mechanisms not found in /home/nest/Documents/TESTS/HH/PYGMO/ISLAND/0.3na/CMAES/hh_pas_surrogate.
PYGMO FITNES
NEURON mechanisms not found in /home/nest/Documents/TESTS/HH/PYGMO/ISLAND/0.3na/CMAES/hh_pas_surrogate.
NEURON mechanisms not found in /home/nest/Documents/TESTS/HH/PYGMO/ISLAND/0.3na/CMAES/hh_pas_surrogate.
PYGMO FITNES
NEURON mechanisms not found in /home/nest/Documents/TESTS/HH/PYGMO/ISLAND/0.3na/CMAES/hh_pas_surrogate.
NEURON mechanisms not found in /home/nest/Documents/TESTS/HH/PYGMO/ISLAND/0.3na/CMAES/hh_pas_surrogate.
PYGMO FITNES
NEURON mechanisms not found in /home/nest/Documents/TESTS/HH/PYGMO/ISLAND/0.3na/CMAES/hh_pas_surrogate.
NEURON mechanisms not found in /home/nest/Documents/TESTS/HH/PYGMO/ISLAND/0.3na/CMAES/hh_pas_surrogate.
PYGMO FITNES
NEURON mechanisms not found in /home/nest/Documents/TESTS/HH/PYGMO/ISLAND/0.3na/CMAES/hh_pas_surrogate.
NEURON mechanisms not found in /home/nest/Documents/TESTS/HH/PYGMO/ISLAND/0.3na/CMAES/hh_pas_surrogate.
PYGMO FITNES
NEURON mechanisms not found in /home/nest/Documents/TESTS/HH/PYGMO/ISLAND/0.3na/CMAES/hh_pas_surrogate.
NEURON mechanisms not found in /home/nest/Documents/TESTS/HH/PYGMO/ISLAND/0.3na/CMAES/hh_pas_surrogate.
PYGMO FITNES
NEURON mechanisms not found in /home/nest/Documents/TESTS/HH/PYGMO/ISLAND/0.3na/CMAES/hh_pas_surrogate.
NEURON mechanisms not found in /home/nest/Documents/TESTS/HH/PYGMO/ISLAND/0.3na/CMAES/hh_pas_surrogate.
PYGMO FITNES
NEURON mechanisms not found in /home/nest/Documents/TESTS/HH/PYGMO/ISLAND/0.3na/CMAES/hh_pas_surrogate.
NEURON mechanisms not found in /home/nest/Documents/TESTS/HH/PYGMO/ISLAND/0.3na/CMAES/hh_pas_surrogate.
PYGMO FITNES
NEURON mechanisms not found in /home/nest/Documents/TESTS/HH/PYGMO/ISLAND/0.3na/CMAES/hh_pas_surrogate.
NEURON mechanisms not found in /home/nest/Documents/TESTS/HH/PYGMO/ISLAND/0.3na/CMAES/hh_pas_surrogate.
PYGMO FITNES
NEURON mechanisms not found in /home/nest/Documents/TESTS/HH/PYGMO/ISLAND/0.3na/CMAES/hh_pas_surrogate.
NEURON mechanisms not found in /home/nest/Documents/TESTS/HH/PYGMO/ISLAND/0.3na/CMAES/hh_pas_surrogate.
PYGMO FITNES
NEURON mechanisms not found in /home/nest/Documents/TESTS/HH/PYGMO/ISLAND/0.3na/CMAES/hh_pas_surrogate.
NEURON mechanisms not found in /home/nest/Documents/TESTS/HH/PYGMO/ISLAND/0.3na/CMAES/hh_pas_surrogate.
PYGMO FITNES
NEURON mechanisms not found in /home/nest/Documents/TESTS/HH/PYGMO/ISLAND/0.3na/CMAES/hh_pas_surrogate.
NEURON mechanisms not found in /home/nest/Documents/TESTS/HH/PYGMO/ISLAND/0.3na/CMAES/hh_pas_surrogate.
PYGMO FITNES
NEURON mechanisms not found in /home/nest/Documents/TESTS/HH/PYGMO/ISLAND/0.3na/CMAES/hh_pas_surrogate.
NEURON mechanisms not found in /home/nest/Documents/TESTS/HH/PYGMO/ISLAND/0.3na/CMAES/hh_pas_surrogate.
PYGMO FITNES
NEURON mechanisms not found in /home/nest/Documents/TESTS/HH/PYGMO/ISLAND/0.3na/CMAES/hh_pas_surrogate.
NEURON mechanisms not found in /home/nest/Documents/TESTS/HH/PYGMO/ISLAND/0.3na/CMAES/hh_pas_surrogate.
PYGMO FITNES
NEURON mechanisms not found in /home/nest/Documents/TESTS/HH/PYGMO/ISLAND/0.3na/CMAES/hh_pas_surrogate.
NEURON mechanisms not found in /home/nest/Documents/TESTS/HH/PYGMO/ISLAND/0.3na/CMAES/hh_pas_surrogate.
PYGMO FITNES
NEURON mechanisms not found in /home/nest/Documents/TESTS/HH/PYGMO/ISLAND/0.3na/CMAES/hh_pas_surrogate.
NEURON mechanisms not found in /home/nest/Documents/TESTS/HH/PYGMO/ISLAND/0.3na/CMAES/hh_pas_surrogate.
PYGMO FITNES
NEURON mechanisms not found in /home/nest/Documents/TESTS/HH/PYGMO/ISLAND/0.3na/CMAES/hh_pas_surrogate.
NEURON mechanisms not found in /home/nest/Documents/TESTS/HH/PYGMO/ISLAND/0.3na/CMAES/hh_pas_surrogate.
PYGMO FITNES
NEURON mechanisms not found in /home/nest/Documents/TESTS/HH/PYGMO/ISLAND/0.3na/CMAES/hh_pas_surrogate.
NEURON mechanisms not found in /home/nest/Documents/TESTS/HH/PYGMO/ISLAND/0.3na/CMAES/hh_pas_surrogate.
PYGMO FITNES
NEURON mechanisms not found in /home/nest/Documents/TESTS/HH/PYGMO/ISLAND/0.3na/CMAES/hh_pas_surrogate.
NEURON mechanisms not found in /home/nest/Documents/TESTS/HH/PYGMO/ISLAND/0.3na/CMAES/hh_pas_surrogate.
PYGMO FITNES
NEURON mechanisms not found in /home/nest/Documents/TESTS/HH/PYGMO/ISLAND/0.3na/CMAES/hh_pas_surrogate.
NEURON mechanisms not found in /home/nest/Documents/TESTS/HH/PYGMO/ISLAND/0.3na/CMAES/hh_pas_surrogate.
PYGMO FITNES
NEURON mechanisms not found in /home/nest/Documents/TESTS/HH/PYGMO/ISLAND/0.3na/CMAES/hh_pas_surrogate.
NEURON mechanisms not found in /home/nest/Documents/TESTS/HH/PYGMO/ISLAND/0.3na/CMAES/hh_pas_surrogate.
PYGMO FITNES
NEURON mechanisms not found in /home/nest/Documents/TESTS/HH/PYGMO/ISLAND/0.3na/CMAES/hh_pas_surrogate.
NEURON mechanisms not found in /home/nest/Documents/TESTS/HH/PYGMO/ISLAND/0.3na/CMAES/hh_pas_surrogate.
PYGMO FITNES
NEURON mechanisms not found in /home/nest/Documents/TESTS/HH/PYGMO/ISLAND/0.3na/CMAES/hh_pas_surrogate.
NEURON mechanisms not found in /home/nest/Documents/TESTS/HH/PYGMO/ISLAND/0.3na/CMAES/hh_pas_surrogate.
PYGMO FITNES
NEURON mechanisms not found in /home/nest/Documents/TESTS/HH/PYGMO/ISLAND/0.3na/CMAES/hh_pas_surrogate.
NEURON mechanisms not found in /home/nest/Documents/TESTS/HH/PYGMO/ISLAND/0.3na/CMAES/hh_pas_surrogate.
PYGMO FITNES
NEURON mechanisms not found in /home/nest/Documents/TESTS/HH/PYGMO/ISLAND/0.3na/CMAES/hh_pas_surrogate.
NEURON mechanisms not found in /home/nest/Documents/TESTS/HH/PYGMO/ISLAND/0.3na/CMAES/hh_pas_surrogate.
PYGMO FITNES
NEURON mechanisms not found in /home/nest/Documents/TESTS/HH/PYGMO/ISLAND/0.3na/CMAES/hh_pas_surrogate.
NEURON mechanisms not found in /home/nest/Documents/TESTS/HH/PYGMO/ISLAND/0.3na/CMAES/hh_pas_surrogate.
PYGMO FITNES
NEURON mechanisms not found in /home/nest/Documents/TESTS/HH/PYGMO/ISLAND/0.3na/CMAES/hh_pas_surrogate.
NEURON mechanisms not found in /home/nest/Documents/TESTS/HH/PYGMO/ISLAND/0.3na/CMAES/hh_pas_surrogate.
PYGMO FITNES
NEURON mechanisms not found in /home/nest/Documents/TESTS/HH/PYGMO/ISLAND/0.3na/CMAES/hh_pas_surrogate.
NEURON mechanisms not found in /home/nest/Documents/TESTS/HH/PYGMO/ISLAND/0.3na/CMAES/hh_pas_surrogate.
PYGMO FITNES
NEURON mechanisms not found in /home/nest/Documents/TESTS/HH/PYGMO/ISLAND/0.3na/CMAES/hh_pas_surrogate.
NEURON mechanisms not found in /home/nest/Documents/TESTS/HH/PYGMO/ISLAND/0.3na/CMAES/hh_pas_surrogate.
PYGMO FITNES
NEURON mechanisms not found in /home/nest/Documents/TESTS/HH/PYGMO/ISLAND/0.3na/CMAES/hh_pas_surrogate.
NEURON mechanisms not found in /home/nest/Documents/TESTS/HH/PYGMO/ISLAND/0.3na/CMAES/hh_pas_surrogate.
PYGMO FITNES
NEURON mechanisms not found in /home/nest/Documents/TESTS/HH/PYGMO/ISLAND/0.3na/CMAES/hh_pas_surrogate.
NEURON mechanisms not found in /home/nest/Documents/TESTS/HH/PYGMO/ISLAND/0.3na/CMAES/hh_pas_surrogate.
PYGMO FITNES
NEURON mechanisms not found in /home/nest/Documents/TESTS/HH/PYGMO/ISLAND/0.3na/CMAES/hh_pas_surrogate.
NEURON mechanisms not found in /home/nest/Documents/TESTS/HH/PYGMO/ISLAND/0.3na/CMAES/hh_pas_surrogate.
PYGMO FITNES
NEURON mechanisms not found in /home/nest/Documents/TESTS/HH/PYGMO/ISLAND/0.3na/CMAES/hh_pas_surrogate.
NEURON mechanisms not found in /home/nest/Documents/TESTS/HH/PYGMO/ISLAND/0.3na/CMAES/hh_pas_surrogate.
PYGMO FITNES

PYGMO FITNES
NEURON mechanisms not found in /home/nest/Documents/TESTS/HH/PYGMO/ISLAND/0.3na/CMAES/hh_pas_surrogate.
NEURON mechanisms not found in /home/nest/Documents/TESTS/HH/PYGMO/ISLAND/0.3na/CMAES/hh_pas_surrogate.
PYGMO FITNES
NEURON mechanisms not found in /home/nest/Documents/TESTS/HH/PYGMO/ISLAND/0.3na/CMAES/hh_pas_surrogate.
NEURON mechanisms not found in /home/nest/Documents/TESTS/HH/PYGMO/ISLAND/0.3na/CMAES/hh_pas_surrogate.
PYGMO FITNES
NEURON mechanisms not found in /home/nest/Documents/TESTS/HH/PYGMO/ISLAND/0.3na/CMAES/hh_pas_surrogate.
NEURON mechanisms not found in /home/nest/Documents/TESTS/HH/PYGMO/ISLAND/0.3na/CMAES/hh_pas_surrogate.
PYGMO FITNES
NEURON mechanisms not found in /home/nest/Documents/TESTS/HH/PYGMO/ISLAND/0.3na/CMAES/hh_pas_surrogate.
NEURON mechanisms not found in /home/nest/Documents/TESTS/HH/PYGMO/ISLAND/0.3na/CMAES/hh_pas_surrogate.
PYGMO FITNES
NEURON mechanisms not found in /home/nest/Documents/TESTS/HH/PYGMO/ISLAND/0.3na/CMAES/hh_pas_surrogate.
NEURON mechanisms not found in /home/nest/Documents/TESTS/HH/PYGMO/ISLAND/0.3na/CMAES/hh_pas_surrogate.
PYGMO FITNES
NEURON mechanisms not found in /home/nest/Documents/TESTS/HH/PYGMO/ISLAND/0.3na/CMAES/hh_pas_surrogate.
NEURON mechanisms not found in /home/nest/Documents/TESTS/HH/PYGMO/ISLAND/0.3na/CMAES/hh_pas_surrogate.
PYGMO FITNES
NEURON mechanisms not found in /home/nest/Documents/TESTS/HH/PYGMO/ISLAND/0.3na/CMAES/hh_pas_surrogate.
NEURON mechanisms not found in /home/nest/Documents/TESTS/HH/PYGMO/ISLAND/0.3na/CMAES/hh_pas_surrogate.
PYGMO FITNES
NEURON mechanisms not found in /home/nest/Documents/TESTS/HH/PYGMO/ISLAND/0.3na/CMAES/hh_pas_surrogate.
NEURON mechanisms not found in /home/nest/Documents/TESTS/HH/PYGMO/ISLAND/0.3na/CMAES/hh_pas_surrogate.
PYGMO FITNES
NEURON mechanisms not found in /home/nest/Documents/TESTS/HH/PYGMO/ISLAND/0.3na/CMAES/hh_pas_surrogate.
NEURON mechanisms not found in /home/nest/Documents/TESTS/HH/PYGMO/ISLAND/0.3na/CMAES/hh_pas_surrogate.
PYGMO FITNES
NEURON mechanisms not found in /home/nest/Documents/TESTS/HH/PYGMO/ISLAND/0.3na/CMAES/hh_pas_surrogate.
NEURON mechanisms not found in /home/nest/Documents/TESTS/HH/PYGMO/ISLAND/0.3na/CMAES/hh_pas_surrogate.
PYGMO FITNES
NEURON mechanisms not found in /home/nest/Documents/TESTS/HH/PYGMO/ISLAND/0.3na/CMAES/hh_pas_surrogate.
NEURON mechanisms not found in /home/nest/Documents/TESTS/HH/PYGMO/ISLAND/0.3na/CMAES/hh_pas_surrogate.
PYGMO FITNES
NEURON mechanisms not found in /home/nest/Documents/TESTS/HH/PYGMO/ISLAND/0.3na/CMAES/hh_pas_surrogate.
NEURON mechanisms not found in /home/nest/Documents/TESTS/HH/PYGMO/ISLAND/0.3na/CMAES/hh_pas_surrogate.
PYGMO FITNES
NEURON mechanisms not found in /home/nest/Documents/TESTS/HH/PYGMO/ISLAND/0.3na/CMAES/hh_pas_surrogate.
NEURON mechanisms not found in /home/nest/Documents/TESTS/HH/PYGMO/ISLAND/0.3na/CMAES/hh_pas_surrogate.
PYGMO FITNES
NEURON mechanisms not found in /home/nest/Documents/TESTS/HH/PYGMO/ISLAND/0.3na/CMAES/hh_pas_surrogate.
NEURON mechanisms not found in /home/nest/Documents/TESTS/HH/PYGMO/ISLAND/0.3na/CMAES/hh_pas_surrogate.
PYGMO FITNES
NEURON mechanisms not found in /home/nest/Documents/TESTS/HH/PYGMO/ISLAND/0.3na/CMAES/hh_pas_surrogate.
NEURON mechanisms not found in /home/nest/Documents/TESTS/HH/PYGMO/ISLAND/0.3na/CMAES/hh_pas_surrogate.
PYGMO FITNES
NEURON mechanisms not found in /home/nest/Documents/TESTS/HH/PYGMO/ISLAND/0.3na/CMAES/hh_pas_surrogate.
NEURON mechanisms not found in /home/nest/Documents/TESTS/HH/PYGMO/ISLAND/0.3na/CMAES/hh_pas_surrogate.
PYGMO FITNES
Traceback (most recent call last):
  File "/home/nest/Documents/safe/optimizer/optimizer/optimizer.py", line 28, in main
    cmd_line.main(parameters[1],parameters[2])
IndexError: list index out of range

During handling of the above exception, another exception occurred:

Traceback (most recent call last):
  File "/home/nest/Documents/safe/optimizer/optimizer/optimizer.py", line 46, in <module>
    main(parameters)
  File "/home/nest/Documents/safe/optimizer/optimizer/optimizer.py", line 30, in main
    cmd_line.main(parameters[1])
  File "/home/nest/Documents/safe/optimizer/optimizer/cmd_line.py", line 51, in main
    core.ThirdStep(kwargs)
  File "/home/nest/Documents/safe/optimizer/optimizer/Core.py", line 469, in ThirdStep
    self.optimizer.Optimize()
  File "/home/nest/Documents/safe/optimizer/optimizer/optimizerHandler.py", line 308, in Optimize
    self.archi = pg.archipelago(n=self.num_islands,algo=self.algorithm, prob=self.prob, pop_size=self.pop_size)
  File "/home/nest/anaconda3/lib/python3.6/site-packages/pygmo/__init__.py", line 582, in _archi_init
    self.push_back(**kwargs)
  File "/home/nest/anaconda3/lib/python3.6/site-packages/pygmo/__init__.py", line 603, in _archi_push_back
    self._push_back(island(**kwargs))
  File "/home/nest/anaconda3/lib/python3.6/site-packages/pygmo/__init__.py", line 426, in _island_init
    pop = population(kwargs.pop('prob'), kwargs.pop('size'))
  File "/home/nest/anaconda3/lib/python3.6/site-packages/pygmo/__init__.py", line 367, in _population_init
    __original_population_init(self, prob_arg, size)
  File "/home/nest/Documents/safe/optimizer/optimizer/optimizerHandler.py", line 350, in fitness
    with open(self.directory + '/island_inds.txt', 'a') as inds_file:
FileNotFoundError: [Errno 2] No such file or directory: '/home/nest/Documents/TESTS/HH/PYGMO/SINGLE/CMAES/hh_pas_surrogate_2/island_inds.txt'
Traceback (most recent call last):
  File "/home/nest/Documents/safe/optimizer/optimizer/optimizer.py", line 28, in main
    cmd_line.main(parameters[1],parameters[2])
IndexError: list index out of range

During handling of the above exception, another exception occurred:

Traceback (most recent call last):
  File "/home/nest/Documents/safe/optimizer/optimizer/optimizer.py", line 46, in <module>
    main(parameters)
  File "/home/nest/Documents/safe/optimizer/optimizer/optimizer.py", line 30, in main
    cmd_line.main(parameters[1])
  File "/home/nest/Documents/safe/optimizer/optimizer/cmd_line.py", line 51, in main
    core.ThirdStep(kwargs)
  File "/home/nest/Documents/safe/optimizer/optimizer/Core.py", line 469, in ThirdStep
    self.optimizer.Optimize()
  File "/home/nest/Documents/safe/optimizer/optimizer/optimizerHandler.py", line 308, in Optimize
    self.archi = pg.archipelago(n=self.num_islands,algo=self.algorithm, prob=self.prob, pop_size=self.pop_size)
  File "/home/nest/anaconda3/lib/python3.6/site-packages/pygmo/__init__.py", line 582, in _archi_init
    self.push_back(**kwargs)
  File "/home/nest/anaconda3/lib/python3.6/site-packages/pygmo/__init__.py", line 603, in _archi_push_back
    self._push_back(island(**kwargs))
  File "/home/nest/anaconda3/lib/python3.6/site-packages/pygmo/__init__.py", line 426, in _island_init
    pop = population(kwargs.pop('prob'), kwargs.pop('size'))
  File "/home/nest/anaconda3/lib/python3.6/site-packages/pygmo/__init__.py", line 367, in _population_init
    __original_population_init(self, prob_arg, size)
  File "/home/nest/Documents/safe/optimizer/optimizer/optimizerHandler.py", line 350, in fitness
    with open(self.directory + '/island_inds.txt', 'a') as inds_file:
FileNotFoundError: [Errno 2] No such file or directory: '/home/nest/Documents/TESTS/HH/PYGMO/SINGLE/CMAES/hh_pas_surrogate_5/island_inds.txt'

PYGMO FITNES
NEURON mechanisms not found in /home/nest/Documents/TESTS/HH/PYGMO/ISLAND/0.3na/CMAES/hh_pas_surrogate.
NEURON mechanisms not found in /home/nest/Documents/TESTS/HH/PYGMO/ISLAND/0.3na/CMAES/hh_pas_surrogate.
PYGMO FITNES
NEURON mechanisms not found in /home/nest/Documents/TESTS/HH/PYGMO/ISLAND/0.3na/CMAES/hh_pas_surrogate.
NEURON mechanisms not found in /home/nest/Documents/TESTS/HH/PYGMO/ISLAND/0.3na/CMAES/hh_pas_surrogate.
PYGMO FITNES
NEURON mechanisms not found in /home/nest/Documents/TESTS/HH/PYGMO/ISLAND/0.3na/CMAES/hh_pas_surrogate.
NEURON mechanisms not found in /home/nest/Documents/TESTS/HH/PYGMO/ISLAND/0.3na/CMAES/hh_pas_surrogate.
PYGMO FITNES
NEURON mechanisms not found in /home/nest/Documents/TESTS/HH/PYGMO/ISLAND/0.3na/CMAES/hh_pas_surrogate.
NEURON mechanisms not found in /home/nest/Documents/TESTS/HH/PYGMO/ISLAND/0.3na/CMAES/hh_pas_surrogate.
PYGMO FITNES
NEURON mechanisms not found in /home/nest/Documents/TESTS/HH/PYGMO/ISLAND/0.3na/CMAES/hh_pas_surrogate.
NEURON mechanisms not found in /home/nest/Documents/TESTS/HH/PYGMO/ISLAND/0.3na/CMAES/hh_pas_surrogate.
PYGMO FITNES
NEURON mechanisms not found in /home/nest/Documents/TESTS/HH/PYGMO/ISLAND/0.3na/CMAES/hh_pas_surrogate.
NEURON mechanisms not found in /home/nest/Documents/TESTS/HH/PYGMO/ISLAND/0.3na/CMAES/hh_pas_surrogate.
PYGMO FITNES
NEURON mechanisms not found in /home/nest/Documents/TESTS/HH/PYGMO/ISLAND/0.3na/CMAES/hh_pas_surrogate.
NEURON mechanisms not found in /home/nest/Documents/TESTS/HH/PYGMO/ISLAND/0.3na/CMAES/hh_pas_surrogate.
PYGMO FITNES
NEURON mechanisms not found in /home/nest/Documents/TESTS/HH/PYGMO/ISLAND/0.3na/CMAES/hh_pas_surrogate.
NEURON mechanisms not found in /home/nest/Documents/TESTS/HH/PYGMO/ISLAND/0.3na/CMAES/hh_pas_surrogate.
PYGMO FITNES
NEURON mechanisms not found in /home/nest/Documents/TESTS/HH/PYGMO/ISLAND/0.3na/CMAES/hh_pas_surrogate.
NEURON mechanisms not found in /home/nest/Documents/TESTS/HH/PYGMO/ISLAND/0.3na/CMAES/hh_pas_surrogate.
PYGMO FITNES
NEURON mechanisms not found in /home/nest/Documents/TESTS/HH/PYGMO/ISLAND/0.3na/CMAES/hh_pas_surrogate.
NEURON mechanisms not found in /home/nest/Documents/TESTS/HH/PYGMO/ISLAND/0.3na/CMAES/hh_pas_surrogate.
PYGMO FITNES
NEURON mechanisms not found in /home/nest/Documents/TESTS/HH/PYGMO/ISLAND/0.3na/CMAES/hh_pas_surrogate.
NEURON mechanisms not found in /home/nest/Documents/TESTS/HH/PYGMO/ISLAND/0.3na/CMAES/hh_pas_surrogate.
PYGMO FITNES
NEURON mechanisms not found in /home/nest/Documents/TESTS/HH/PYGMO/ISLAND/0.3na/CMAES/hh_pas_surrogate.
NEURON mechanisms not found in /home/nest/Documents/TESTS/HH/PYGMO/ISLAND/0.3na/CMAES/hh_pas_surrogate.
PYGMO FITNES
NEURON mechanisms not found in /home/nest/Documents/TESTS/HH/PYGMO/ISLAND/0.3na/CMAES/hh_pas_surrogate.
NEURON mechanisms not found in /home/nest/Documents/TESTS/HH/PYGMO/ISLAND/0.3na/CMAES/hh_pas_surrogate.
PYGMO FITNES
NEURON mechanisms not found in /home/nest/Documents/TESTS/HH/PYGMO/ISLAND/0.3na/CMAES/hh_pas_surrogate.
NEURON mechanisms not found in /home/nest/Documents/TESTS/HH/PYGMO/ISLAND/0.3na/CMAES/hh_pas_surrogate.
PYGMO FITNES
NEURON mechanisms not found in /home/nest/Documents/TESTS/HH/PYGMO/ISLAND/0.3na/CMAES/hh_pas_surrogate.
NEURON mechanisms not found in /home/nest/Documents/TESTS/HH/PYGMO/ISLAND/0.3na/CMAES/hh_pas_surrogate.
PYGMO FITNES
NEURON mechanisms not found in /home/nest/Documents/TESTS/HH/PYGMO/ISLAND/0.3na/CMAES/hh_pas_surrogate.
NEURON mechanisms not found in /home/nest/Documents/TESTS/HH/PYGMO/ISLAND/0.3na/CMAES/hh_pas_surrogate.
PYGMO FITNES
NEURON mechanisms not found in /home/nest/Documents/TESTS/HH/PYGMO/ISLAND/0.3na/CMAES/hh_pas_surrogate.
NEURON mechanisms not found in /home/nest/Documents/TESTS/HH/PYGMO/ISLAND/0.3na/CMAES/hh_pas_surrogate.
PYGMO FITNES
NEURON mechanisms not found in /home/nest/Documents/TESTS/HH/PYGMO/ISLAND/0.3na/CMAES/hh_pas_surrogate.
NEURON mechanisms not found in /home/nest/Documents/TESTS/HH/PYGMO/ISLAND/0.3na/CMAES/hh_pas_surrogate.
PYGMO FITNES
Traceback (most recent call last):
  File "/home/nest/Documents/safe/optimizer/optimizer/optimizer.py", line 28, in main
    cmd_line.main(parameters[1],parameters[2])
IndexError: list index out of range

During handling of the above exception, another exception occurred:

Traceback (most recent call last):
  File "/home/nest/Documents/safe/optimizer/optimizer/optimizer.py", line 46, in <module>
    main(parameters)
  File "/home/nest/Documents/safe/optimizer/optimizer/optimizer.py", line 30, in main
    cmd_line.main(parameters[1])
  File "/home/nest/Documents/safe/optimizer/optimizer/cmd_line.py", line 51, in main
    core.ThirdStep(kwargs)
  File "/home/nest/Documents/safe/optimizer/optimizer/Core.py", line 469, in ThirdStep
    self.optimizer.Optimize()
  File "/home/nest/Documents/safe/optimizer/optimizer/optimizerHandler.py", line 308, in Optimize
    self.archi = pg.archipelago(n=self.num_islands,algo=self.algorithm, prob=self.prob, pop_size=self.pop_size)
  File "/home/nest/anaconda3/lib/python3.6/site-packages/pygmo/__init__.py", line 582, in _archi_init
    self.push_back(**kwargs)
  File "/home/nest/anaconda3/lib/python3.6/site-packages/pygmo/__init__.py", line 603, in _archi_push_back
    self._push_back(island(**kwargs))
  File "/home/nest/anaconda3/lib/python3.6/site-packages/pygmo/__init__.py", line 426, in _island_init
    pop = population(kwargs.pop('prob'), kwargs.pop('size'))
  File "/home/nest/anaconda3/lib/python3.6/site-packages/pygmo/__init__.py", line 367, in _population_init
    __original_population_init(self, prob_arg, size)
  File "/home/nest/Documents/safe/optimizer/optimizer/optimizerHandler.py", line 350, in fitness
    with open(self.directory + '/island_inds.txt', 'a') as inds_file:
FileNotFoundError: [Errno 2] No such file or directory: '/home/nest/Documents/TESTS/HH/PYGMO/SINGLE/CMAES/hh_pas_surrogate_3/island_inds.txt'

PYGMO FITNES
NEURON mechanisms not found in /home/nest/Documents/TESTS/HH/PYGMO/ISLAND/0.3na/CMAES/hh_pas_surrogate.
NEURON mechanisms not found in /home/nest/Documents/TESTS/HH/PYGMO/ISLAND/0.3na/CMAES/hh_pas_surrogate.
PYGMO FITNES
NEURON mechanisms not found in /home/nest/Documents/TESTS/HH/PYGMO/ISLAND/0.3na/CMAES/hh_pas_surrogate.
NEURON mechanisms not found in /home/nest/Documents/TESTS/HH/PYGMO/ISLAND/0.3na/CMAES/hh_pas_surrogate.
PYGMO FITNES
NEURON mechanisms not found in /home/nest/Documents/TESTS/HH/PYGMO/ISLAND/0.3na/CMAES/hh_pas_surrogate.
NEURON mechanisms not found in /home/nest/Documents/TESTS/HH/PYGMO/ISLAND/0.3na/CMAES/hh_pas_surrogate.
PYGMO FITNES
NEURON mechanisms not found in /home/nest/Documents/TESTS/HH/PYGMO/ISLAND/0.3na/CMAES/hh_pas_surrogate.
NEURON mechanisms not found in /home/nest/Documents/TESTS/HH/PYGMO/ISLAND/0.3na/CMAES/hh_pas_surrogate.
PYGMO FITNES
NEURON mechanisms not found in /home/nest/Documents/TESTS/HH/PYGMO/ISLAND/0.3na/CMAES/hh_pas_surrogate.
NEURON mechanisms not found in /home/nest/Documents/TESTS/HH/PYGMO/ISLAND/0.3na/CMAES/hh_pas_surrogate.
PYGMO FITNES
NEURON mechanisms not found in /home/nest/Documents/TESTS/HH/PYGMO/ISLAND/0.3na/CMAES/hh_pas_surrogate.
NEURON mechanisms not found in /home/nest/Documents/TESTS/HH/PYGMO/ISLAND/0.3na/CMAES/hh_pas_surrogate.
PYGMO FITNES
NEURON mechanisms not found in /home/nest/Documents/TESTS/HH/PYGMO/ISLAND/0.3na/CMAES/hh_pas_surrogate.
NEURON mechanisms not found in /home/nest/Documents/TESTS/HH/PYGMO/ISLAND/0.3na/CMAES/hh_pas_surrogate.
PYGMO FITNES
NEURON mechanisms not found in /home/nest/Documents/TESTS/HH/PYGMO/ISLAND/0.3na/CMAES/hh_pas_surrogate.
NEURON mechanisms not found in /home/nest/Documents/TESTS/HH/PYGMO/ISLAND/0.3na/CMAES/hh_pas_surrogate.
PYGMO FITNES
NEURON mechanisms not found in /home/nest/Documents/TESTS/HH/PYGMO/ISLAND/0.3na/CMAES/hh_pas_surrogate.
NEURON mechanisms not found in /home/nest/Documents/TESTS/HH/PYGMO/ISLAND/0.3na/CMAES/hh_pas_surrogate.
PYGMO FITNES
NEURON mechanisms not found in /home/nest/Documents/TESTS/HH/PYGMO/ISLAND/0.3na/CMAES/hh_pas_surrogate.
NEURON mechanisms not found in /home/nest/Documents/TESTS/HH/PYGMO/ISLAND/0.3na/CMAES/hh_pas_surrogate.
PYGMO FITNES
NEURON mechanisms not found in /home/nest/Documents/TESTS/HH/PYGMO/ISLAND/0.3na/CMAES/hh_pas_surrogate.
NEURON mechanisms not found in /home/nest/Documents/TESTS/HH/PYGMO/ISLAND/0.3na/CMAES/hh_pas_surrogate.
PYGMO FITNES
NEURON mechanisms not found in /home/nest/Documents/TESTS/HH/PYGMO/ISLAND/0.3na/CMAES/hh_pas_surrogate.
NEURON mechanisms not found in /home/nest/Documents/TESTS/HH/PYGMO/ISLAND/0.3na/CMAES/hh_pas_surrogate.
PYGMO FITNES
NEURON mechanisms not found in /home/nest/Documents/TESTS/HH/PYGMO/ISLAND/0.3na/CMAES/hh_pas_surrogate.
NEURON mechanisms not found in /home/nest/Documents/TESTS/HH/PYGMO/ISLAND/0.3na/CMAES/hh_pas_surrogate.
PYGMO FITNES
NEURON mechanisms not found in /home/nest/Documents/TESTS/HH/PYGMO/ISLAND/0.3na/CMAES/hh_pas_surrogate.
NEURON mechanisms not found in /home/nest/Documents/TESTS/HH/PYGMO/ISLAND/0.3na/CMAES/hh_pas_surrogate.
PYGMO FITNES
NEURON mechanisms not found in /home/nest/Documents/TESTS/HH/PYGMO/ISLAND/0.3na/CMAES/hh_pas_surrogate.
NEURON mechanisms not found in /home/nest/Documents/TESTS/HH/PYGMO/ISLAND/0.3na/CMAES/hh_pas_surrogate.
PYGMO FITNES
NEURON mechanisms not found in /home/nest/Documents/TESTS/HH/PYGMO/ISLAND/0.3na/CMAES/hh_pas_surrogate.
NEURON mechanisms not found in /home/nest/Documents/TESTS/HH/PYGMO/ISLAND/0.3na/CMAES/hh_pas_surrogate.
PYGMO FITNES
NEURON mechanisms not found in /home/nest/Documents/TESTS/HH/PYGMO/ISLAND/0.3na/CMAES/hh_pas_surrogate.
NEURON mechanisms not found in /home/nest/Documents/TESTS/HH/PYGMO/ISLAND/0.3na/CMAES/hh_pas_surrogate.
PYGMO FITNES
NEURON mechanisms not found in /home/nest/Documents/TESTS/HH/PYGMO/ISLAND/0.3na/CMAES/hh_pas_surrogate.
NEURON mechanisms not found in /home/nest/Documents/TESTS/HH/PYGMO/ISLAND/0.3na/CMAES/hh_pas_surrogate.
PYGMO FITNES
Traceback (most recent call last):
  File "/home/nest/Documents/safe/optimizer/optimizer/optimizer.py", line 28, in main
    cmd_line.main(parameters[1],parameters[2])
IndexError: list index out of range

During handling of the above exception, another exception occurred:

Traceback (most recent call last):
  File "/home/nest/Documents/safe/optimizer/optimizer/optimizer.py", line 46, in <module>
    main(parameters)
  File "/home/nest/Documents/safe/optimizer/optimizer/optimizer.py", line 30, in main
    cmd_line.main(parameters[1])
  File "/home/nest/Documents/safe/optimizer/optimizer/cmd_line.py", line 51, in main
    core.ThirdStep(kwargs)
  File "/home/nest/Documents/safe/optimizer/optimizer/Core.py", line 469, in ThirdStep
    self.optimizer.Optimize()
  File "/home/nest/Documents/safe/optimizer/optimizer/optimizerHandler.py", line 308, in Optimize
    self.archi = pg.archipelago(n=self.num_islands,algo=self.algorithm, prob=self.prob, pop_size=self.pop_size)
  File "/home/nest/anaconda3/lib/python3.6/site-packages/pygmo/__init__.py", line 582, in _archi_init
    self.push_back(**kwargs)
  File "/home/nest/anaconda3/lib/python3.6/site-packages/pygmo/__init__.py", line 603, in _archi_push_back
    self._push_back(island(**kwargs))
  File "/home/nest/anaconda3/lib/python3.6/site-packages/pygmo/__init__.py", line 426, in _island_init
    pop = population(kwargs.pop('prob'), kwargs.pop('size'))
  File "/home/nest/anaconda3/lib/python3.6/site-packages/pygmo/__init__.py", line 367, in _population_init
    __original_population_init(self, prob_arg, size)
  File "/home/nest/Documents/safe/optimizer/optimizer/optimizerHandler.py", line 350, in fitness
    with open(self.directory + '/island_inds.txt', 'a') as inds_file:
FileNotFoundError: [Errno 2] No such file or directory: '/home/nest/Documents/TESTS/HH/PYGMO/SINGLE/CMAES/hh_pas_surrogate_4/island_inds.txt'

PYGMO FITNES
NEURON mechanisms not found in /home/nest/Documents/TESTS/HH/PYGMO/ISLAND/0.3na/CMAES/hh_pas_surrogate.
NEURON mechanisms not found in /home/nest/Documents/TESTS/HH/PYGMO/ISLAND/0.3na/CMAES/hh_pas_surrogate.
PYGMO FITNES
NEURON mechanisms not found in /home/nest/Documents/TESTS/HH/PYGMO/ISLAND/0.3na/CMAES/hh_pas_surrogate.
NEURON mechanisms not found in /home/nest/Documents/TESTS/HH/PYGMO/ISLAND/0.3na/CMAES/hh_pas_surrogate.
PYGMO FITNES
NEURON mechanisms not found in /home/nest/Documents/TESTS/HH/PYGMO/ISLAND/0.3na/CMAES/hh_pas_surrogate.
NEURON mechanisms not found in /home/nest/Documents/TESTS/HH/PYGMO/ISLAND/0.3na/CMAES/hh_pas_surrogate.
PYGMO FITNES
NEURON mechanisms not found in /home/nest/Documents/TESTS/HH/PYGMO/ISLAND/0.3na/CMAES/hh_pas_surrogate.
NEURON mechanisms not found in /home/nest/Documents/TESTS/HH/PYGMO/ISLAND/0.3na/CMAES/hh_pas_surrogate.
PYGMO FITNES
NEURON mechanisms not found in /home/nest/Documents/TESTS/HH/PYGMO/ISLAND/0.3na/CMAES/hh_pas_surrogate.
NEURON mechanisms not found in /home/nest/Documents/TESTS/HH/PYGMO/ISLAND/0.3na/CMAES/hh_pas_surrogate.
PYGMO FITNES
NEURON mechanisms not found in /home/nest/Documents/TESTS/HH/PYGMO/ISLAND/0.3na/CMAES/hh_pas_surrogate.
NEURON mechanisms not found in /home/nest/Documents/TESTS/HH/PYGMO/ISLAND/0.3na/CMAES/hh_pas_surrogate.
PYGMO FITNES
NEURON mechanisms not found in /home/nest/Documents/TESTS/HH/PYGMO/ISLAND/0.3na/CMAES/hh_pas_surrogate.
NEURON mechanisms not found in /home/nest/Documents/TESTS/HH/PYGMO/ISLAND/0.3na/CMAES/hh_pas_surrogate.
PYGMO FITNES
NEURON mechanisms not found in /home/nest/Documents/TESTS/HH/PYGMO/ISLAND/0.3na/CMAES/hh_pas_surrogate.
NEURON mechanisms not found in /home/nest/Documents/TESTS/HH/PYGMO/ISLAND/0.3na/CMAES/hh_pas_surrogate.
PYGMO FITNES
NEURON mechanisms not found in /home/nest/Documents/TESTS/HH/PYGMO/ISLAND/0.3na/CMAES/hh_pas_surrogate.
NEURON mechanisms not found in /home/nest/Documents/TESTS/HH/PYGMO/ISLAND/0.3na/CMAES/hh_pas_surrogate.
PYGMO FITNES
NEURON mechanisms not found in /home/nest/Documents/TESTS/HH/PYGMO/ISLAND/0.3na/CMAES/hh_pas_surrogate.
NEURON mechanisms not found in /home/nest/Documents/TESTS/HH/PYGMO/ISLAND/0.3na/CMAES/hh_pas_surrogate.
PYGMO FITNES
NEURON mechanisms not found in /home/nest/Documents/TESTS/HH/PYGMO/ISLAND/0.3na/CMAES/hh_pas_surrogate.
NEURON mechanisms not found in /home/nest/Documents/TESTS/HH/PYGMO/ISLAND/0.3na/CMAES/hh_pas_surrogate.
PYGMO FITNES
NEURON mechanisms not found in /home/nest/Documents/TESTS/HH/PYGMO/ISLAND/0.3na/CMAES/hh_pas_surrogate.
NEURON mechanisms not found in /home/nest/Documents/TESTS/HH/PYGMO/ISLAND/0.3na/CMAES/hh_pas_surrogate.
PYGMO FITNES
NEURON mechanisms not found in /home/nest/Documents/TESTS/HH/PYGMO/ISLAND/0.3na/CMAES/hh_pas_surrogate.
NEURON mechanisms not found in /home/nest/Documents/TESTS/HH/PYGMO/ISLAND/0.3na/CMAES/hh_pas_surrogate.
PYGMO FITNES
NEURON mechanisms not found in /home/nest/Documents/TESTS/HH/PYGMO/ISLAND/0.3na/CMAES/hh_pas_surrogate.
NEURON mechanisms not found in /home/nest/Documents/TESTS/HH/PYGMO/ISLAND/0.3na/CMAES/hh_pas_surrogate.
PYGMO FITNES
NEURON mechanisms not found in /home/nest/Documents/TESTS/HH/PYGMO/ISLAND/0.3na/CMAES/hh_pas_surrogate.
NEURON mechanisms not found in /home/nest/Documents/TESTS/HH/PYGMO/ISLAND/0.3na/CMAES/hh_pas_surrogate.
PYGMO FITNES
NEURON mechanisms not found in /home/nest/Documents/TESTS/HH/PYGMO/ISLAND/0.3na/CMAES/hh_pas_surrogate.
NEURON mechanisms not found in /home/nest/Documents/TESTS/HH/PYGMO/ISLAND/0.3na/CMAES/hh_pas_surrogate.
PYGMO FITNES
NEURON mechanisms not found in /home/nest/Documents/TESTS/HH/PYGMO/ISLAND/0.3na/CMAES/hh_pas_surrogate.
NEURON mechanisms not found in /home/nest/Documents/TESTS/HH/PYGMO/ISLAND/0.3na/CMAES/hh_pas_surrogate.
PYGMO FITNES
NEURON mechanisms not found in /home/nest/Documents/TESTS/HH/PYGMO/ISLAND/0.3na/CMAES/hh_pas_surrogate.
NEURON mechanisms not found in /home/nest/Documents/TESTS/HH/PYGMO/ISLAND/0.3na/CMAES/hh_pas_surrogate.
PYGMO FITNES
NEURON mechanisms not found in /home/nest/Documents/TESTS/HH/PYGMO/ISLAND/0.3na/CMAES/hh_pas_surrogate.
NEURON mechanisms not found in /home/nest/Documents/TESTS/HH/PYGMO/ISLAND/0.3na/CMAES/hh_pas_surrogate.
PYGMO FITNES
NEURON mechanisms not found in /home/nest/Documents/TESTS/HH/PYGMO/ISLAND/0.3na/CMAES/hh_pas_surrogate.
NEURON mechanisms not found in /home/nest/Documents/TESTS/HH/PYGMO/ISLAND/0.3na/CMAES/hh_pas_surrogate.
PYGMO FITNES
Traceback (most recent call last):
  File "/home/nest/Documents/safe/optimizer/optimizer/optimizer.py", line 28, in main
    cmd_line.main(parameters[1],parameters[2])
IndexError: list index out of range

During handling of the above exception, another exception occurred:

Traceback (most recent call last):
  File "/home/nest/Documents/safe/optimizer/optimizer/optimizer.py", line 46, in <module>
    main(parameters)
  File "/home/nest/Documents/safe/optimizer/optimizer/optimizer.py", line 30, in main
    cmd_line.main(parameters[1])
  File "/home/nest/Documents/safe/optimizer/optimizer/cmd_line.py", line 51, in main
    core.ThirdStep(kwargs)
  File "/home/nest/Documents/safe/optimizer/optimizer/Core.py", line 469, in ThirdStep
    self.optimizer.Optimize()
  File "/home/nest/Documents/safe/optimizer/optimizer/optimizerHandler.py", line 308, in Optimize
    self.archi = pg.archipelago(n=self.num_islands,algo=self.algorithm, prob=self.prob, pop_size=self.pop_size)
  File "/home/nest/anaconda3/lib/python3.6/site-packages/pygmo/__init__.py", line 582, in _archi_init
    self.push_back(**kwargs)
  File "/home/nest/anaconda3/lib/python3.6/site-packages/pygmo/__init__.py", line 603, in _archi_push_back
    self._push_back(island(**kwargs))
  File "/home/nest/anaconda3/lib/python3.6/site-packages/pygmo/__init__.py", line 426, in _island_init
    pop = population(kwargs.pop('prob'), kwargs.pop('size'))
  File "/home/nest/anaconda3/lib/python3.6/site-packages/pygmo/__init__.py", line 367, in _population_init
    __original_population_init(self, prob_arg, size)
  File "/home/nest/Documents/safe/optimizer/optimizer/optimizerHandler.py", line 350, in fitness
    with open(self.directory + '/island_inds.txt', 'a') as inds_file:
FileNotFoundError: [Errno 2] No such file or directory: '/home/nest/Documents/TESTS/HH/PYGMO/SINGLE/CMAES/hh_pas_surrogate_1/island_inds.txt'
[Errno 2] No such file or directory: '/home/nest/Documents/TESTS/HH/PYGMO/SINGLE/CMAES/hh_pas_surrogate_7/_settings.xml'
File not found!

[Errno 2] No such file or directory: '/home/nest/Documents/TESTS/HH/PYGMO/SINGLE/CMAES/hh_pas_surrogate_10/_settings.xml'
File not found!

[Errno 2] No such file or directory: '/home/nest/Documents/TESTS/HH/PYGMO/SINGLE/CMAES/hh_pas_surrogate_8/_settings.xml'
File not found!

[Errno 2] No such file or directory: '/home/nest/Documents/TESTS/HH/PYGMO/SINGLE/CMAES/hh_pas_surrogate_6/_settings.xml'
File not found!

[Errno 2] No such file or directory: '/home/nest/Documents/TESTS/HH/PYGMO/SINGLE/CMAES/hh_pas_surrogate_9/_settings.xml'
File not found!

--------Wrong bas directory name--------
